XP_PES results:
  Solvent=(Cyclohexane;eta=3) cavity(Gcav)=(vdw;1.2) tsare=0.075
Table I: Electronic (G_er), cavitation (G_cav), and total (G_tot) 
energies as a function of the pressure, 


Structure 1a
     f   p[GPa]    G_er[au]     G_cav[au]    G_tot[au] G_er[kcal/mol]  G_cav[kcal/mol] G_tot[kcal/mol]
1.2000    0.928  -233.411673     0.048397  -233.363276   -146468.02        30.37   -146437.65
1.1500    1.327  -233.409587     0.064503  -233.345084   -146466.71        40.48   -146426.23
1.1000    1.915  -233.406849     0.087615  -233.319234   -146464.99        54.98   -146410.01
1.0500    2.809  -233.402553     0.122238  -233.280315   -146462.30        76.71   -146385.59
1.0000    4.218  -233.395873     0.176791  -233.219081   -146458.11       110.94   -146347.17
0.9750    5.272  -233.391495     0.218040  -233.173455   -146455.36       136.82   -146318.54
0.9500    6.578  -233.386465     0.270144  -233.116321   -146452.20       169.52   -146282.68


Structure 1b
     f   p[GPa]    G_er[au]     G_cav[au]    G_tot[au] G_er[kcal/mol]  G_cav[kcal/mol] G_tot[kcal/mol]
1.2000    0.928  -233.411673     0.048397  -233.363276   -146468.02        30.37   -146437.65
1.1500    1.327  -233.409587     0.064503  -233.345084   -146466.71        40.48   -146426.23
1.1000    1.915  -233.406849     0.087615  -233.319234   -146464.99        54.98   -146410.01
1.0500    2.809  -233.402553     0.122238  -233.280315   -146462.30        76.71   -146385.59
1.0000    4.218  -233.395873     0.176791  -233.219081   -146458.11       110.94   -146347.17
0.9750    5.272  -233.391495     0.218040  -233.173455   -146455.36       136.82   -146318.54
0.9500    6.578  -233.386465     0.270144  -233.116321   -146452.20       169.52   -146282.68


Structure endo-2TS
     f   p[GPa]    G_er[au]     G_cav[au]    G_tot[au] G_er[kcal/mol]  G_cav[kcal/mol] G_tot[kcal/mol]
1.2000    0.928  -466.787679     0.084395  -466.703284   -292913.66        52.96   -292860.70
1.1500    1.327  -466.784512     0.113008  -466.671504   -292911.67        70.91   -292840.76
1.1000    1.915  -466.779805     0.154166  -466.625639   -292908.72        96.74   -292811.98
1.0500    2.809  -466.773091     0.215891  -466.557200   -292904.50       135.47   -292769.03
1.0000    4.218  -466.763075     0.313126  -466.449949   -292898.22       196.49   -292701.73
0.9750    5.272  -466.757842     0.386549  -466.371293   -292894.94       242.56   -292652.37
0.9500    6.578  -466.751410     0.479109  -466.272301   -292890.90       300.65   -292590.25


Structure endo-2
     f   p[GPa]    G_er[au]     G_cav[au]    G_tot[au] G_er[kcal/mol]  G_cav[kcal/mol] G_tot[kcal/mol]
1.2000    0.928  -466.865551     0.082568  -466.782983   -292962.52        51.81   -292910.71
1.1500    1.327  -466.862184     0.110446  -466.751737   -292960.41        69.31   -292891.10
1.1000    1.915  -466.857671     0.150527  -466.707144   -292957.58        94.46   -292863.12
1.0500    2.809  -466.850529     0.210618  -466.639911   -292953.10       132.17   -292820.93
1.0000    4.218  -466.842270     0.305269  -466.537001   -292947.91       191.56   -292756.36
0.9750    5.272  -466.834515     0.376743  -466.457772   -292943.05       236.41   -292706.64
0.9500    6.578  -466.828660     0.466861  -466.361799   -292939.37       292.96   -292646.41


Table II: Potential energy profile (DG_tot)as a function of the pressure, 
p[GPa]=     0.93 
 Structure  DG_tot[kcal/mol]    DG_er[kcal/mol]   DG_cav[kcal/mol]   DDG_tot[kcal/mol]   DDG_er[kcal/mol] DDG_cav[kcal/mol] 
  1+2               0.00               0.00               0.00               0.00               0.00               0.00
    3              14.60              22.38              -7.78               0.00               0.00               0.00
    4             -35.41             -26.48              -8.93               0.00               0.00               0.00
p[GPa]=     1.33 
 Structure  DG_tot[kcal/mol]    DG_er[kcal/mol]   DG_cav[kcal/mol]   DDG_tot[kcal/mol]   DDG_er[kcal/mol] DDG_cav[kcal/mol] 
  1+2               0.00               0.00               0.00               0.00               0.00               0.00
    3              11.71              21.75             -10.04              -2.89              -0.63              -2.26
    4             -38.64             -26.99             -11.65              -3.22              -0.50              -2.72
p[GPa]=     1.91 
 Structure  DG_tot[kcal/mol]    DG_er[kcal/mol]   DG_cav[kcal/mol]   DDG_tot[kcal/mol]   DDG_er[kcal/mol] DDG_cav[kcal/mol] 
  1+2               0.00               0.00               0.00               0.00               0.00               0.00
    3               8.05              21.27             -13.22              -6.55              -1.11              -5.44
    4             -43.09             -27.59             -15.50              -7.68              -1.11              -6.57
p[GPa]=     2.81 
 Structure  DG_tot[kcal/mol]    DG_er[kcal/mol]   DG_cav[kcal/mol]   DDG_tot[kcal/mol]   DDG_er[kcal/mol] DDG_cav[kcal/mol] 
  1+2               0.00               0.00               0.00               0.00               0.00               0.00
    3               2.15              20.09             -17.94             -12.45              -2.29             -10.16
    4             -49.75             -28.50             -21.25             -14.34              -2.02             -12.32
p[GPa]=     4.22 
 Structure  DG_tot[kcal/mol]    DG_er[kcal/mol]   DG_cav[kcal/mol]   DDG_tot[kcal/mol]   DDG_er[kcal/mol] DDG_cav[kcal/mol] 
  1+2               0.00               0.00               0.00               0.00               0.00               0.00
    3              -7.40              17.99             -25.39             -22.00              -4.39             -17.61
    4             -62.02             -31.70             -30.32             -26.61              -5.22             -21.39
p[GPa]=     5.27 
 Structure  DG_tot[kcal/mol]    DG_er[kcal/mol]   DG_cav[kcal/mol]   DDG_tot[kcal/mol]   DDG_er[kcal/mol] DDG_cav[kcal/mol] 
  1+2               0.00               0.00               0.00               0.00               0.00               0.00
    3             -15.30              15.78             -31.08             -29.90              -6.60             -23.30
    4             -69.57             -32.33             -37.23             -34.16              -5.85             -28.31
p[GPa]=     6.58 
 Structure  DG_tot[kcal/mol]    DG_er[kcal/mol]   DG_cav[kcal/mol]   DDG_tot[kcal/mol]   DDG_er[kcal/mol] DDG_cav[kcal/mol] 
  1+2               0.00               0.00               0.00               0.00               0.00               0.00
    3             -24.89              13.50             -38.39             -39.49              -8.88             -30.61
    4             -81.05             -34.97             -46.08             -45.64              -8.49             -37.15
