XP_Gcav results: for solvent=Cyclohexane eta=3 cavity=vdw frad=1.2 tsare=0.075


Structure 1
     f   p[GPa] V_cav[Ang^3] G_cav-pV[kcal/mol] pV[kcal/mol] G_cav[kcal/mol]
1.2000    0.848    125.846        13.34        15.35        28.69 
1.1500    1.217    125.846        15.85        22.04        37.89 
1.1000    1.767    125.846        19.12        32.00        51.13 
1.0500    2.662    125.846        23.93        48.21        72.14 
1.0000    4.064    125.846        31.00        73.61       104.61 
0.9750    5.034    125.846        35.89        91.19       127.08 
0.9500    6.331    125.846        42.45       114.68       157.14 


Structure 1
     f   p[GPa] V_cav[Ang^3] G_cav-pV[kcal/mol] pV[kcal/mol] G_cav[kcal/mol]
1.2000    0.848    125.846        13.34        15.35        28.69 
1.1500    1.217    125.846        15.85        22.04        37.89 
1.1000    1.767    125.846        19.12        32.00        51.13 
1.0500    2.662    125.846        23.93        48.21        72.14 
1.0000    4.064    125.846        31.00        73.61       104.61 
0.9750    5.034    125.846        35.89        91.19       127.08 
0.9500    6.331    125.846        42.45       114.68       157.14 


Structure meso-TS_91_2
     f   p[GPa] V_cav[Ang^3] G_cav-pV[kcal/mol] pV[kcal/mol] G_cav[kcal/mol]
1.2000    0.848    247.438        23.81        30.19        54.00 
1.1500    1.217    247.438        28.29        43.33        71.62 
1.1000    1.767    247.438        34.12        62.92        97.05 
1.0500    2.662    247.438        42.68        94.80       137.48 
1.0000    4.064    247.438        55.28       144.74       200.01 
0.9750    5.034    247.438        63.99       179.30       243.29 
0.9500    6.331    247.438        75.66       225.49       301.15 


Structure meso-TS_88_2
     f   p[GPa] V_cav[Ang^3] G_cav-pV[kcal/mol] pV[kcal/mol] G_cav[kcal/mol]
1.2000    0.848    247.217        23.76        30.16        53.92 
1.1500    1.217    247.217        28.23        43.29        71.52 
1.1000    1.767    247.217        34.05        62.87        96.92 
1.0500    2.662    247.217        42.59        94.71       137.30 
1.0000    4.064    247.217        55.16       144.61       199.77 
0.9750    5.034    247.217        63.85       179.14       242.99 
0.9500    6.331    247.217        75.50       225.29       300.79 


Structure meso-TS_85_2
     f   p[GPa] V_cav[Ang^3] G_cav-pV[kcal/mol] pV[kcal/mol] G_cav[kcal/mol]
1.2000    0.848    246.964        23.70        30.13        53.83 
1.1500    1.217    246.964        28.16        43.25        71.41 
1.1000    1.767    246.964        33.97        62.80        96.77 
1.0500    2.662    246.964        42.49        94.62       137.10 
1.0000    4.064    246.964        55.02       144.46       199.48 
0.9750    5.034    246.964        63.70       178.95       242.65 
0.9500    6.331    246.964        75.31       225.06       300.37 


Structure meso-TS_82_2
     f   p[GPa] V_cav[Ang^3] G_cav-pV[kcal/mol] pV[kcal/mol] G_cav[kcal/mol]
1.2000    0.848    246.699        23.65        30.10        53.75 
1.1500    1.217    246.699        28.10        43.20        71.30 
1.1000    1.767    246.699        33.89        62.74        96.63 
1.0500    2.662    246.699        42.39        94.51       136.91 
1.0000    4.064    246.699        54.90       144.31       199.21 
0.9750    5.034    246.699        63.55       178.76       242.32 
0.9500    6.331    246.699        75.15       224.82       299.96 


Structure meso-TS_79_2
     f   p[GPa] V_cav[Ang^3] G_cav-pV[kcal/mol] pV[kcal/mol] G_cav[kcal/mol]
1.2000    0.848    246.395        23.60        30.06        53.66 
1.1500    1.217    246.395        28.03        43.15        71.18 
1.1000    1.767    246.395        33.82        62.66        96.48 
1.0500    2.662    246.395        42.30        94.40       136.69 
1.0000    4.064    246.395        54.77       144.13       198.90 
0.9750    5.034    246.395        63.41       178.54       241.95 
0.9500    6.331    246.395        74.97       224.54       299.51 


Structure meso-TS_76_2
     f   p[GPa] V_cav[Ang^3] G_cav-pV[kcal/mol] pV[kcal/mol] G_cav[kcal/mol]
1.2000    0.848    246.087        23.54        30.02        53.56 
1.1500    1.217    246.087        27.96        43.10        71.06 
1.1000    1.767    246.087        33.73        62.58        96.31 
1.0500    2.662    246.087        42.19        94.28       136.47 
1.0000    4.064    246.087        54.64       143.95       198.59 
0.9750    5.034    246.087        63.25       178.32       241.57 
0.9500    6.331    246.087        74.78       224.26       299.05 


Structure meso-TS_73_2
     f   p[GPa] V_cav[Ang^3] G_cav-pV[kcal/mol] pV[kcal/mol] G_cav[kcal/mol]
1.2000    0.848    245.758        23.47        29.98        53.46 
1.1500    1.217    245.758        27.89        43.04        70.93 
1.1000    1.767    245.758        33.64        62.50        96.14 
1.0500    2.662    245.758        42.08        94.15       136.23 
1.0000    4.064    245.758        54.49       143.76       198.24 
0.9750    5.034    245.758        63.07       178.08       241.15 
0.9500    6.331    245.758        74.58       223.96       298.54 


Structure meso-TS_70_2
     f   p[GPa] V_cav[Ang^3] G_cav-pV[kcal/mol] pV[kcal/mol] G_cav[kcal/mol]
1.2000    0.848    245.417        23.76        29.94        53.70 
1.1500    1.217    245.417        28.23        42.98        71.21 
1.1000    1.767    245.417        34.06        62.41        96.47 
1.0500    2.662    245.417        42.60        94.02       136.62 
1.0000    4.064    245.417        55.18       143.56       198.73 
0.9750    5.034    245.417        63.88       177.83       241.71 
0.9500    6.331    245.417        75.53       223.65       299.18 


Structure meso-TS_67_2
     f   p[GPa] V_cav[Ang^3] G_cav-pV[kcal/mol] pV[kcal/mol] G_cav[kcal/mol]
1.2000    0.848    245.091        23.33        29.90        53.23 
1.1500    1.217    245.091        27.71        42.92        70.63 
1.1000    1.767    245.091        33.43        62.33        95.75 
1.0500    2.662    245.091        41.81        93.90       135.71 
1.0000    4.064    245.091        54.14       143.37       197.51 
0.9750    5.034    245.091        62.67       177.60       240.27 
0.9500    6.331    245.091        74.10       223.35       297.46 


Structure meso-TS_64_2
     f   p[GPa] V_cav[Ang^3] G_cav-pV[kcal/mol] pV[kcal/mol] G_cav[kcal/mol]
1.2000    0.848    244.704        23.25        29.86        53.10 
1.1500    1.217    244.704        27.62        42.85        70.47 
1.1000    1.767    244.704        33.31        62.23        95.54 
1.0500    2.662    244.704        41.67        93.75       135.42 
1.0000    4.064    244.704        53.96       143.14       197.10 
0.9750    5.034    244.704        62.46       177.32       239.78 
0.9500    6.331    244.704        73.85       223.00       296.85 


Structure meso-TS_61_2
     f   p[GPa] V_cav[Ang^3] G_cav-pV[kcal/mol] pV[kcal/mol] G_cav[kcal/mol]
1.2000    0.848    244.284        23.13        29.80        52.94 
1.1500    1.217    244.284        27.48        42.78        70.26 
1.1000    1.767    244.284        33.15        62.12        95.27 
1.0500    2.662    244.284        41.46        93.59       135.05 
1.0000    4.064    244.284        53.69       142.89       196.59 
0.9750    5.034    244.284        62.15       177.01       239.17 
0.9500    6.331    244.284        73.49       222.62       296.11 


Structure meso-TS_58_2
     f   p[GPa] V_cav[Ang^3] G_cav-pV[kcal/mol] pV[kcal/mol] G_cav[kcal/mol]
1.2000    0.848    243.870        23.06        29.75        52.81 
1.1500    1.217    243.870        27.39        42.71        70.10 
1.1000    1.767    243.870        33.04        62.02        95.06 
1.0500    2.662    243.870        41.33        93.43       134.76 
1.0000    4.064    243.870        53.52       142.65       196.17 
0.9750    5.034    243.870        61.95       176.71       238.66 
0.9500    6.331    243.870        73.25       222.24       295.49 


Structure meso-TS_55_2
     f   p[GPa] V_cav[Ang^3] G_cav-pV[kcal/mol] pV[kcal/mol] G_cav[kcal/mol]
1.2000    0.848    243.450        22.98        29.70        52.68 
1.1500    1.217    243.450        27.30        42.63        69.93 
1.1000    1.767    243.450        32.93        61.91        94.84 
1.0500    2.662    243.450        41.19        93.27       134.46 
1.0000    4.064    243.450        53.34       142.41       195.74 
0.9750    5.034    243.450        61.74       176.41       238.15 
0.9500    6.331    243.450        73.00       221.86       294.86 


Structure meso-TS_52_2
     f   p[GPa] V_cav[Ang^3] G_cav-pV[kcal/mol] pV[kcal/mol] G_cav[kcal/mol]
1.2000    0.848    242.979        22.91        29.65        52.55 
1.1500    1.217    242.979        27.21        42.55        69.76 
1.1000    1.767    242.979        32.83        61.79        94.61 
1.0500    2.662    242.979        41.06        93.09       134.14 
1.0000    4.064    242.979        53.16       142.13       195.30 
0.9750    5.034    242.979        61.54       176.07       237.61 
0.9500    6.331    242.979        72.77       221.43       294.19 


Structure meso-TS_49_2
     f   p[GPa] V_cav[Ang^3] G_cav-pV[kcal/mol] pV[kcal/mol] G_cav[kcal/mol]
1.2000    0.848    242.510        22.84        29.59        52.42 
1.1500    1.217    242.510        27.13        42.47        69.60 
1.1000    1.767    242.510        32.72        61.67        94.39 
1.0500    2.662    242.510        40.93        92.91       133.84 
1.0000    4.064    242.510        53.00       141.86       194.86 
0.9750    5.034    242.510        61.35       175.73       237.08 
0.9500    6.331    242.510        72.54       221.00       293.54 


Structure meso-TS_46_2
     f   p[GPa] V_cav[Ang^3] G_cav-pV[kcal/mol] pV[kcal/mol] G_cav[kcal/mol]
1.2000    0.848    242.007        22.77        29.53        52.29 
1.1500    1.217    242.007        27.05        42.38        69.43 
1.1000    1.767    242.007        32.63        61.54        94.17 
1.0500    2.662    242.007        40.81        92.72       133.52 
1.0000    4.064    242.007        52.84       141.56       194.41 
0.9750    5.034    242.007        61.17       175.36       236.53 
0.9500    6.331    242.007        72.33       220.54       292.87 


Structure meso-TS_43_2
     f   p[GPa] V_cav[Ang^3] G_cav-pV[kcal/mol] pV[kcal/mol] G_cav[kcal/mol]
1.2000    0.848    241.500        22.70        29.46        52.17 
1.1500    1.217    241.500        26.97        42.29        69.26 
1.1000    1.767    241.500        32.53        61.41        93.95 
1.0500    2.662    241.500        40.69        92.52       133.21 
1.0000    4.064    241.500        52.69       141.27       193.96 
0.9750    5.034    241.500        60.99       174.99       235.99 
0.9500    6.331    241.500        72.12       220.08       292.20 


Structure meso-TS_40_2
     f   p[GPa] V_cav[Ang^3] G_cav-pV[kcal/mol] pV[kcal/mol] G_cav[kcal/mol]
1.2000    0.848    241.002        22.64        29.40        52.04 
1.1500    1.217    241.002        26.90        42.21        69.10 
1.1000    1.767    241.002        32.45        61.29        93.73 
1.0500    2.662    241.002        40.58        92.33       132.91 
1.0000    4.064    241.002        52.55       140.97       193.52 
0.9750    5.034    241.002        60.83       174.63       235.47 
0.9500    6.331    241.002        71.93       219.63       291.55 


Structure meso-TS_37_2
     f   p[GPa] V_cav[Ang^3] G_cav-pV[kcal/mol] pV[kcal/mol] G_cav[kcal/mol]
1.2000    0.848    240.504        22.58        29.34        51.93 
1.1500    1.217    240.504        26.83        42.12        68.94 
1.1000    1.767    240.504        32.36        61.16        93.52 
1.0500    2.662    240.504        40.47        92.14       132.62 
1.0000    4.064    240.504        52.41       140.68       193.10 
0.9750    5.034    240.504        60.67       174.27       234.95 
0.9500    6.331    240.504        71.74       219.17       290.91 


Structure meso-TS_34_2
     f   p[GPa] V_cav[Ang^3] G_cav-pV[kcal/mol] pV[kcal/mol] G_cav[kcal/mol]
1.2000    0.848    239.990        22.63        29.28        51.91 
1.1500    1.217    239.990        26.88        42.03        68.91 
1.1000    1.767    239.990        32.43        61.03        93.46 
1.0500    2.662    239.990        40.56        91.94       132.51 
1.0000    4.064    239.990        52.52       140.38       192.91 
0.9750    5.034    239.990        60.80       173.90       234.70 
0.9500    6.331    239.990        71.89       218.70       290.59 


Structure meso-TS_31_2
     f   p[GPa] V_cav[Ang^3] G_cav-pV[kcal/mol] pV[kcal/mol] G_cav[kcal/mol]
1.2000    0.848    239.482        22.58        29.22        51.80 
1.1500    1.217    239.482        26.82        41.94        68.76 
1.1000    1.767    239.482        32.36        60.90        93.26 
1.0500    2.662    239.482        40.47        91.75       132.22 
1.0000    4.064    239.482        52.40       140.08       192.49 
0.9750    5.034    239.482        60.66       173.53       234.19 
0.9500    6.331    239.482        71.72       218.24       289.96 


Structure meso-TS_28_2
     f   p[GPa] V_cav[Ang^3] G_cav-pV[kcal/mol] pV[kcal/mol] G_cav[kcal/mol]
1.2000    0.848    239.011        22.54        29.16        51.70 
1.1500    1.217    239.011        26.77        41.86        68.63 
1.1000    1.767    239.011        32.29        60.78        93.07 
1.0500    2.662    239.011        40.39        91.57       131.96 
1.0000    4.064    239.011        52.30       139.81       192.11 
0.9750    5.034    239.011        60.54       173.19       233.73 
0.9500    6.331    239.011        71.58       217.81       289.39 


Structure meso-TS_25_2
     f   p[GPa] V_cav[Ang^3] G_cav-pV[kcal/mol] pV[kcal/mol] G_cav[kcal/mol]
1.2000    0.848    238.500        22.40        29.10        51.50 
1.1500    1.217    238.500        26.61        41.77        68.37 
1.1000    1.767    238.500        32.10        60.65        92.75 
1.0500    2.662    238.500        40.14        91.37       131.52 
1.0000    4.064    238.500        51.98       139.51       191.49 
0.9750    5.034    238.500        60.17       172.82       232.99 
0.9500    6.331    238.500        71.15       217.35       288.49 


Structure meso-TS_22_2
     f   p[GPa] V_cav[Ang^3] G_cav-pV[kcal/mol] pV[kcal/mol] G_cav[kcal/mol]
1.2000    0.848    238.023        22.36        29.04        51.40 
1.1500    1.217    238.023        26.57        41.68        68.25 
1.1000    1.767    238.023        32.05        60.53        92.57 
1.0500    2.662    238.023        40.08        91.19       131.27 
1.0000    4.064    238.023        51.90       139.23       191.13 
0.9750    5.034    238.023        60.08       172.48       232.55 
0.9500    6.331    238.023        71.03       216.91       287.94 


Structure meso-TS_19_2
     f   p[GPa] V_cav[Ang^3] G_cav-pV[kcal/mol] pV[kcal/mol] G_cav[kcal/mol]
1.2000    0.848    237.593        22.34        28.99        51.33 
1.1500    1.217    237.593        26.54        41.61        68.15 
1.1000    1.767    237.593        32.02        60.42        92.44 
1.0500    2.662    237.593        40.04        91.02       131.07 
1.0000    4.064    237.593        51.85       138.98       190.83 
0.9750    5.034    237.593        60.02       172.16       232.18 
0.9500    6.331    237.593        70.96       216.52       287.48 


Structure meso-TS_16_2
     f   p[GPa] V_cav[Ang^3] G_cav-pV[kcal/mol] pV[kcal/mol] G_cav[kcal/mol]
1.2000    0.848    237.180        22.33        28.94        51.27 
1.1500    1.217    237.180        26.52        41.54        68.06 
1.1000    1.767    237.180        32.00        60.31        92.31 
1.0500    2.662    237.180        40.01        90.87       130.88 
1.0000    4.064    237.180        51.81       138.74       190.55 
0.9750    5.034    237.180        59.97       171.86       231.84 
0.9500    6.331    237.180        70.91       216.14       287.05 


Structure meso-TS_13_2
     f   p[GPa] V_cav[Ang^3] G_cav-pV[kcal/mol] pV[kcal/mol] G_cav[kcal/mol]
1.2000    0.848    236.829        22.32        28.89        51.22 
1.1500    1.217    236.829        26.52        41.48        67.99 
1.1000    1.767    236.829        31.98        60.23        92.21 
1.0500    2.662    236.829        40.00        90.73       130.73 
1.0000    4.064    236.829        51.79       138.53       190.33 
0.9750    5.034    236.829        59.95       171.61       231.56 
0.9500    6.331    236.829        70.88       215.82       286.70 


Structure meso-TS_10_2
     f   p[GPa] V_cav[Ang^3] G_cav-pV[kcal/mol] pV[kcal/mol] G_cav[kcal/mol]
1.2000    0.848    236.532        22.33        28.86        51.19 
1.1500    1.217    236.532        26.52        41.42        67.95 
1.1000    1.767    236.532        31.99        60.15        92.14 
1.0500    2.662    236.532        40.01        90.62       130.63 
1.0000    4.064    236.532        51.80       138.36       190.16 
0.9750    5.034    236.532        59.96       171.39       231.36 
0.9500    6.331    236.532        70.89       215.55       286.44 


Structure meso-TS_7_2
     f   p[GPa] V_cav[Ang^3] G_cav-pV[kcal/mol] pV[kcal/mol] G_cav[kcal/mol]
1.2000    0.848    236.376        22.35        28.84        51.19 
1.1500    1.217    236.376        26.55        41.40        67.94 
1.1000    1.767    236.376        32.02        60.11        92.13 
1.0500    2.662    236.376        40.04        90.56       130.60 
1.0000    4.064    236.376        51.84       138.27       190.11 
0.9750    5.034    236.376        60.00       171.28       231.28 
0.9500    6.331    236.376        70.94       215.41       286.35 


Structure meso-TS_4_2
     f   p[GPa] V_cav[Ang^3] G_cav-pV[kcal/mol] pV[kcal/mol] G_cav[kcal/mol]
1.2000    0.848    236.373        22.38        28.84        51.22 
1.1500    1.217    236.373        26.58        41.40        67.98 
1.1000    1.767    236.373        32.06        60.11        92.17 
1.0500    2.662    236.373        40.09        90.56       130.65 
1.0000    4.064    236.373        51.91       138.27       190.17 
0.9750    5.034    236.373        60.08       171.28       231.36 
0.9500    6.331    236.373        71.03       215.41       286.44 


Structure meso-TS_1_2
     f   p[GPa] V_cav[Ang^3] G_cav-pV[kcal/mol] pV[kcal/mol] G_cav[kcal/mol]
1.2000    0.848    236.402        22.42        28.84        51.26 
1.1500    1.217    236.402        26.62        41.40        68.02 
1.1000    1.767    236.402        32.11        60.12        92.23 
1.0500    2.662    236.402        40.15        90.57       130.72 
1.0000    4.064    236.402        51.98       138.28       190.26 
0.9750    5.034    236.402        60.16       171.30       231.46 
0.9500    6.331    236.402        71.12       215.44       286.56 


Structure meso-TS_0_1
     f   p[GPa] V_cav[Ang^3] G_cav-pV[kcal/mol] pV[kcal/mol] G_cav[kcal/mol]
1.2000    0.848    236.395        22.44        28.84        51.28 
1.1500    1.217    236.395        26.65        41.40        68.05 
1.1000    1.767    236.395        32.14        60.12        92.26 
1.0500    2.662    236.395        40.19        90.57       130.76 
1.0000    4.064    236.395        52.03       138.28       190.31 
0.9750    5.034    236.395        60.22       171.30       231.51 
0.9500    6.331    236.395        71.19       215.43       286.62 


Structure meso-TS_1_1
     f   p[GPa] V_cav[Ang^3] G_cav-pV[kcal/mol] pV[kcal/mol] G_cav[kcal/mol]
1.2000    0.848    236.392        22.44        28.84        51.28 
1.1500    1.217    236.392        26.65        41.40        68.05 
1.1000    1.767    236.392        32.14        60.11        92.25 
1.0500    2.662    236.392        40.19        90.56       130.75 
1.0000    4.064    236.392        52.03       138.28       190.31 
0.9750    5.034    236.392        60.22       171.29       231.51 
0.9500    6.331    236.392        71.19       215.43       286.61 


Structure meso-TS_4_1
     f   p[GPa] V_cav[Ang^3] G_cav-pV[kcal/mol] pV[kcal/mol] G_cav[kcal/mol]
1.2000    0.848    236.379        22.47        28.84        51.31 
1.1500    1.217    236.379        26.68        41.40        68.08 
1.1000    1.767    236.379        32.18        60.11        92.29 
1.0500    2.662    236.379        40.24        90.56       130.80 
1.0000    4.064    236.379        52.09       138.27       190.36 
0.9750    5.034    236.379        60.29       171.28       231.57 
0.9500    6.331    236.379        71.27       215.41       286.69 


Structure meso-TS_7_1
     f   p[GPa] V_cav[Ang^3] G_cav-pV[kcal/mol] pV[kcal/mol] G_cav[kcal/mol]
1.2000    0.848    236.294        22.49        28.83        51.32 
1.1500    1.217    236.294        26.71        41.38        68.10 
1.1000    1.767    236.294        32.22        60.09        92.31 
1.0500    2.662    236.294        40.28        90.53       130.81 
1.0000    4.064    236.294        52.15       138.22       190.37 
0.9750    5.034    236.294        60.35       171.22       231.57 
0.9500    6.331    236.294        71.34       215.34       286.68 


Structure meso-TS_10_1
     f   p[GPa] V_cav[Ang^3] G_cav-pV[kcal/mol] pV[kcal/mol] G_cav[kcal/mol]
1.2000    0.848    236.163        22.51        28.81        51.33 
1.1500    1.217    236.163        26.74        41.36        68.10 
1.1000    1.767    236.163        32.25        60.06        92.30 
1.0500    2.662    236.163        40.32        90.48       130.80 
1.0000    4.064    236.163        52.19       138.14       190.33 
0.9750    5.034    236.163        60.40       171.13       231.53 
0.9500    6.331    236.163        71.40       215.22       286.62 


Structure meso-TS_13_1
     f   p[GPa] V_cav[Ang^3] G_cav-pV[kcal/mol] pV[kcal/mol] G_cav[kcal/mol]
1.2000    0.848    235.958        22.53        28.79        51.32 
1.1500    1.217    235.958        26.75        41.32        68.08 
1.1000    1.767    235.958        32.26        60.00        92.27 
1.0500    2.662    235.958        40.34        90.40       130.74 
1.0000    4.064    235.958        52.21       138.02       190.24 
0.9750    5.034    235.958        60.43       170.98       231.41 
0.9500    6.331    235.958        71.43       215.03       286.46 


Structure meso-TS_16_1
     f   p[GPa] V_cav[Ang^3] G_cav-pV[kcal/mol] pV[kcal/mol] G_cav[kcal/mol]
1.2000    0.848    235.676        22.53        28.75        51.28 
1.1500    1.217    235.676        26.75        41.27        68.03 
1.1000    1.767    235.676        32.26        59.93        92.20 
1.0500    2.662    235.676        40.34        90.29       130.63 
1.0000    4.064    235.676        52.21       137.86       190.07 
0.9750    5.034    235.676        60.43       170.77       231.20 
0.9500    6.331    235.676        71.43       214.77       286.20 


Structure meso-TS_19_1
     f   p[GPa] V_cav[Ang^3] G_cav-pV[kcal/mol] pV[kcal/mol] G_cav[kcal/mol]
1.2000    0.848    235.333        22.52        28.71        51.23 
1.1500    1.217    235.333        26.74        41.21        67.95 
1.1000    1.767    235.333        32.25        59.84        92.09 
1.0500    2.662    235.333        40.32        90.16       130.48 
1.0000    4.064    235.333        52.18       137.66       189.84 
0.9750    5.034    235.333        60.39       170.53       230.92 
0.9500    6.331    235.333        71.39       214.46       285.85 


Structure meso-TS_22_1
     f   p[GPa] V_cav[Ang^3] G_cav-pV[kcal/mol] pV[kcal/mol] G_cav[kcal/mol]
1.2000    0.848    234.847        22.49        28.65        51.14 
1.1500    1.217    234.847        26.70        41.13        67.83 
1.1000    1.767    234.847        32.20        59.72        91.92 
1.0500    2.662    234.847        40.26        89.97       130.23 
1.0000    4.064    234.847        52.11       137.37       189.48 
0.9750    5.034    234.847        60.31       170.17       230.48 
0.9500    6.331    234.847        71.28       214.02       285.30 


Structure meso-TS_25_1
     f   p[GPa] V_cav[Ang^3] G_cav-pV[kcal/mol] pV[kcal/mol] G_cav[kcal/mol]
1.2000    0.848    234.433        22.44        28.60        51.04 
1.1500    1.217    234.433        26.65        41.06        67.70 
1.1000    1.767    234.433        32.13        59.62        91.75 
1.0500    2.662    234.433        40.17        89.81       129.99 
1.0000    4.064    234.433        52.00       137.13       189.13 
0.9750    5.034    234.433        60.17       169.87       230.05 
0.9500    6.331    234.433        71.13       213.64       284.77 


Structure meso-TS_28_1
     f   p[GPa] V_cav[Ang^3] G_cav-pV[kcal/mol] pV[kcal/mol] G_cav[kcal/mol]
1.2000    0.848    234.323        22.42        28.59        51.01 
1.1500    1.217    234.323        26.62        41.04        67.66 
1.1000    1.767    234.323        32.11        59.59        91.70 
1.0500    2.662    234.323        40.14        89.77       129.91 
1.0000    4.064    234.323        51.96       137.07       189.02 
0.9750    5.034    234.323        60.13       169.79       229.92 
0.9500    6.331    234.323        71.08       213.54       284.62 


Structure meso-TS_30_1
     f   p[GPa] V_cav[Ang^3] G_cav-pV[kcal/mol] pV[kcal/mol] G_cav[kcal/mol]
1.2000    0.848    234.368        22.43        28.59        51.02 
1.1500    1.217    234.368        26.63        41.04        67.68 
1.1000    1.767    234.368        32.12        59.60        91.72 
1.0500    2.662    234.368        40.16        89.79       129.95 
1.0000    4.064    234.368        51.98       137.09       189.07 
0.9750    5.034    234.368        60.15       169.83       229.98 
0.9500    6.331    234.368        71.10       213.58       284.69 
