

================================================================

                  >>>>>>>>>>>>>><<<<<<<<<<<<<<
                  >>>>>>>>>>        <<<<<<<<<<
                  >>>>>>>>> XP-PCM17 <<<<<<<<<
                  >>>>>>>>>>        <<<<<<<<<<
                  >>>>>>>>>>>>>><<<<<<<<<<<<<<

                          Roberto Cammi
                    University of Parma,ITALY

The XP-PCM method for studying reactions under pressure [1,2].
XP-PCM17 uses Gaussian 16 [3] and Mathematica(or Python)[4,5] 
as external packages.

References:
         [1] R. Cammi, J. Comp. Chem., 36, 2246-2259 (2015)
         [2] B. Chen. R. Hoffmann and R. Cammi, 
            Angew. Chem. Int. Ed. 56, 11126-11142 (2017);
         [3] Gaussian 16, M. J. Frisch et al, Gaussian, 
             Inc., Wallingford CT, 2016.
         [4] Wolfram Research, Inc., Mathematica, Version 12.0, 
             Champaign, IL (2020).
         [5] http://www.python.org

================================================================

Mon Aug  3 13:29:55 2020

----------------------------------------------------------------
XP-PCM energy profile for bimolecular reactions

Number of molecular structures: 45

Structures: 1 1 meso-TS_91_2 meso-TS_88_2 meso-TS_85_2 meso-TS_82_2 meso-TS_79_2 meso-TS_76_2 meso-TS_73_2 meso-TS_70_2 meso-TS_67_2 meso-TS_64_2 meso-TS_61_2 meso-TS_58_2 meso-TS_55_2 meso-TS_52_2 meso-TS_49_2 meso-TS_46_2 meso-TS_43_2 meso-TS_40_2 meso-TS_37_2 meso-TS_34_2 meso-TS_31_2 meso-TS_28_2 meso-TS_25_2 meso-TS_22_2 meso-TS_19_2 meso-TS_16_2 meso-TS_13_2 meso-TS_10_2 meso-TS_7_2 meso-TS_4_2 meso-TS_1_2 meso-TS_0_1 meso-TS_1_1 meso-TS_4_1 meso-TS_7_1 meso-TS_10_1 meso-TS_13_1 meso-TS_16_1 meso-TS_19_1 meso-TS_22_1 meso-TS_25_1 meso-TS_28_1 meso-TS_30_1 

XP-PCM parameters:
eta=3
tsare=0.075
Cavity(Ger)=(ses; f=1.2-0.95)
Cavity(Gcav)=(vdw; f=1.2)
Solvent=Cyclohexane
         dielectric constant=2.0165
         density (gr/cm^3)=0.7781
         molar mass (gr/mol)=84.1595
         number of valence electrons=36
         molecular radius(Ang.)=2.815
----------------------------------------------------------------

Table I: 
Cavity scaling factor,f, pressure, p (GPa), Electronic (G_er), cavitation (G_cav), and total (G_tot) 
energies

Structure 1
   f     p       G_er     G_cav      G_tot      G_er       G_cav     G_tot   
        [GPa]    [Eh]     [Eh]       [Eh]    [kcal/mol]  [kcal/mol]  [kcal/mol]     
1.200   0.8  -233.4218   0.0457  -233.3761  -146474.4       28.7  -146445.7
1.150   1.2  -233.4198   0.0604  -233.3594  -146473.1       37.9  -146435.2
1.100   1.8  -233.4169   0.0815  -233.3354  -146471.3       51.1  -146420.2
1.050   2.7  -233.4128   0.1150  -233.2978  -146468.7       72.1  -146396.6
1.000   4.1  -233.4071   0.1667  -233.2403  -146465.1      104.6  -146360.5
0.975   5.0  -233.4030   0.2025  -233.2005  -146462.6      127.1  -146335.5
0.950   6.3  -233.3978   0.2504  -233.1474  -146459.3      157.1  -146302.2


Structure 1
   f     p       G_er     G_cav      G_tot      G_er       G_cav     G_tot   
        [GPa]    [Eh]     [Eh]       [Eh]    [kcal/mol]  [kcal/mol]  [kcal/mol]     
1.200   0.8  -233.4218   0.0457  -233.3761  -146474.4       28.7  -146445.7
1.150   1.2  -233.4198   0.0604  -233.3594  -146473.1       37.9  -146435.2
1.100   1.8  -233.4169   0.0815  -233.3354  -146471.3       51.1  -146420.2
1.050   2.7  -233.4128   0.1150  -233.2978  -146468.7       72.1  -146396.6
1.000   4.1  -233.4071   0.1667  -233.2403  -146465.1      104.6  -146360.5
0.975   5.0  -233.4030   0.2025  -233.2005  -146462.6      127.1  -146335.5
0.950   6.3  -233.3978   0.2504  -233.1474  -146459.3      157.1  -146302.2


Structure meso-TS_91_2
   f     p       G_er     G_cav      G_tot      G_er       G_cav     G_tot   
        [GPa]    [Eh]     [Eh]       [Eh]    [kcal/mol]  [kcal/mol]  [kcal/mol]     
1.200   0.8  -466.8510   0.0861  -466.7649  -292953.4       54.0  -292899.4
1.150   1.2  -466.8479   0.1141  -466.7337  -292951.4       71.6  -292879.8
1.100   1.8  -466.8431   0.1547  -466.6884  -292948.4       97.0  -292851.4
1.050   2.7  -466.8362   0.2191  -466.6171  -292944.1      137.5  -292806.6
1.000   4.1  -466.8267   0.3187  -466.5079  -292938.1      200.0  -292738.1
0.975   5.0  -466.8203   0.3877  -466.4326  -292934.1      243.3  -292690.8
0.950   6.3  -466.8126   0.4799  -466.3327  -292929.3      301.2  -292628.1


Structure meso-TS_88_2
   f     p       G_er     G_cav      G_tot      G_er       G_cav     G_tot   
        [GPa]    [Eh]     [Eh]       [Eh]    [kcal/mol]  [kcal/mol]  [kcal/mol]     
1.200   0.8  -466.8512   0.0859  -466.7653  -292953.5       53.9  -292899.6
1.150   1.2  -466.8479   0.1140  -466.7339  -292951.4       71.5  -292879.9
1.100   1.8  -466.8430   0.1544  -466.6886  -292948.4       96.9  -292851.5
1.050   2.7  -466.8365   0.2188  -466.6177  -292944.3      137.3  -292807.0
1.000   4.1  -466.8255   0.3183  -466.5072  -292937.4      199.8  -292737.6
0.975   5.0  -466.8190   0.3872  -466.4318  -292933.3      243.0  -292690.3
0.950   6.3  -466.8129   0.4793  -466.3336  -292929.5      300.8  -292628.7


Structure meso-TS_85_2
   f     p       G_er     G_cav      G_tot      G_er       G_cav     G_tot   
        [GPa]    [Eh]     [Eh]       [Eh]    [kcal/mol]  [kcal/mol]  [kcal/mol]     
1.200   0.8  -466.8513   0.0858  -466.7655  -292953.6       53.8  -292899.7
1.150   1.2  -466.8476   0.1138  -466.7338  -292951.2       71.4  -292879.8
1.100   1.8  -466.8436   0.1542  -466.6894  -292948.7       96.8  -292852.0
1.050   2.7  -466.8357   0.2185  -466.6172  -292943.8      137.1  -292806.7
1.000   4.1  -466.8267   0.3179  -466.5088  -292938.2      199.5  -292738.7
0.975   5.0  -466.8463   0.3867  -466.4597  -292950.5      242.6  -292707.8
0.950   6.3  -466.8127   0.4787  -466.3340  -292929.4      300.4  -292629.0


Structure meso-TS_82_2
   f     p       G_er     G_cav      G_tot      G_er       G_cav     G_tot   
        [GPa]    [Eh]     [Eh]       [Eh]    [kcal/mol]  [kcal/mol]  [kcal/mol]     
1.200   0.8  -466.8504   0.0857  -466.7648  -292953.0       53.7  -292899.3
1.150   1.2  -466.8473   0.1136  -466.7336  -292951.0       71.3  -292879.7
1.100   1.8  -466.8433   0.1540  -466.6893  -292948.6       96.6  -292852.0
1.050   2.7  -466.8346   0.2182  -466.6164  -292943.1      136.9  -292806.2
1.000   4.1  -466.8267   0.3175  -466.5093  -292938.2      199.2  -292739.0
0.975   5.0  -466.8193   0.3862  -466.4331  -292933.5      242.3  -292691.2
0.950   6.3  -466.8117   0.4780  -466.3337  -292928.7      300.0  -292628.8


Structure meso-TS_79_2
   f     p       G_er     G_cav      G_tot      G_er       G_cav     G_tot   
        [GPa]    [Eh]     [Eh]       [Eh]    [kcal/mol]  [kcal/mol]  [kcal/mol]     
1.200   0.8  -466.8508   0.0855  -466.7653  -292953.3       53.7  -292899.6
1.150   1.2  -466.8474   0.1134  -466.7340  -292951.1       71.2  -292879.9
1.100   1.8  -466.8432   0.1537  -466.6894  -292948.5       96.5  -292852.0
1.050   2.7  -466.8355   0.2178  -466.6177  -292943.7      136.7  -292807.0
1.000   4.1  -466.8258   0.3170  -466.5088  -292937.6      198.9  -292738.7
0.975   5.0  -466.8197   0.3856  -466.4342  -292933.8      241.9  -292691.8
0.950   6.3  -466.8114   0.4773  -466.3341  -292928.6      299.5  -292629.0


Structure meso-TS_76_2
   f     p       G_er     G_cav      G_tot      G_er       G_cav     G_tot   
        [GPa]    [Eh]     [Eh]       [Eh]    [kcal/mol]  [kcal/mol]  [kcal/mol]     
1.200   0.8  -466.8507   0.0854  -466.7654  -292953.2       53.6  -292899.7
1.150   1.2  -466.8477   0.1132  -466.7345  -292951.3       71.1  -292880.3
1.100   1.8  -466.8428   0.1535  -466.6893  -292948.2       96.3  -292851.9
1.050   2.7  -466.8363   0.2175  -466.6189  -292944.2      136.5  -292807.7
1.000   4.1  -466.8260   0.3165  -466.5095  -292937.7      198.6  -292739.1
0.975   5.0  -466.8190   0.3850  -466.4341  -292933.3      241.6  -292691.8
0.950   6.3  -466.8113   0.4766  -466.3348  -292928.5      299.0  -292629.5


Structure meso-TS_73_2
   f     p       G_er     G_cav      G_tot      G_er       G_cav     G_tot   
        [GPa]    [Eh]     [Eh]       [Eh]    [kcal/mol]  [kcal/mol]  [kcal/mol]     
1.200   0.8  -466.8505   0.0852  -466.7653  -292953.1       53.5  -292899.6
1.150   1.2  -466.8472   0.1130  -466.7342  -292951.0       70.9  -292880.1
1.100   1.8  -466.8423   0.1532  -466.6891  -292947.9       96.1  -292851.8
1.050   2.7  -466.8358   0.2171  -466.6187  -292943.9      136.2  -292807.6
1.000   4.1  -466.8250   0.3159  -466.5091  -292937.1      198.2  -292738.8
0.975   5.0  -466.8196   0.3843  -466.4353  -292933.7      241.2  -292692.5
0.950   6.3  -466.8126   0.4757  -466.3368  -292929.3      298.5  -292630.8


Structure meso-TS_70_2
   f     p       G_er     G_cav      G_tot      G_er       G_cav     G_tot   
        [GPa]    [Eh]     [Eh]       [Eh]    [kcal/mol]  [kcal/mol]  [kcal/mol]     
1.200   0.8  -466.8500   0.0856  -466.7645  -292952.8       53.7  -292899.1
1.150   1.2  -466.8469   0.1135  -466.7335  -292950.8       71.2  -292879.6
1.100   1.8  -466.8424   0.1537  -466.6887  -292948.0       96.5  -292851.5
1.050   2.7  -466.8343   0.2177  -466.6165  -292942.9      136.6  -292806.3
1.000   4.1  -466.8257   0.3167  -466.5090  -292937.5      198.7  -292738.8
0.975   5.0  -466.8193   0.3852  -466.4342  -292933.5      241.7  -292691.8
0.950   6.3  -466.8116   0.4768  -466.3348  -292928.7      299.2  -292629.5


Structure meso-TS_67_2
   f     p       G_er     G_cav      G_tot      G_er       G_cav     G_tot   
        [GPa]    [Eh]     [Eh]       [Eh]    [kcal/mol]  [kcal/mol]  [kcal/mol]     
1.200   0.8  -466.8499   0.0848  -466.7651  -292952.7       53.2  -292899.5
1.150   1.2  -466.8467   0.1126  -466.7341  -292950.7       70.6  -292880.1
1.100   1.8  -466.8417   0.1526  -466.6891  -292947.6       95.8  -292851.8
1.050   2.7  -466.8346   0.2163  -466.6183  -292943.1      135.7  -292807.4
1.000   4.1  -466.8239   0.3147  -466.5092  -292936.4      197.5  -292738.9
0.975   5.0  -466.8184   0.3829  -466.4355  -292932.9      240.3  -292692.7
0.950   6.3  -466.8102   0.4740  -466.3362  -292927.8      297.5  -292630.3


Structure meso-TS_64_2
   f     p       G_er     G_cav      G_tot      G_er       G_cav     G_tot   
        [GPa]    [Eh]     [Eh]       [Eh]    [kcal/mol]  [kcal/mol]  [kcal/mol]     
1.200   0.8  -466.8498   0.0846  -466.7652  -292952.7       53.1  -292899.6
1.150   1.2  -466.8458   0.1123  -466.7335  -292950.1       70.5  -292879.7
1.100   1.8  -466.8413   0.1523  -466.6891  -292947.3       95.5  -292851.8
1.050   2.7  -466.8352   0.2158  -466.6194  -292943.4      135.4  -292808.0
1.000   4.1  -466.8245   0.3141  -466.5105  -292936.8      197.1  -292739.7
0.975   5.0  -466.8176   0.3821  -466.4355  -292932.4      239.8  -292692.6
0.950   6.3  -466.8108   0.4731  -466.3377  -292928.2      296.9  -292631.3


Structure meso-TS_61_2
   f     p       G_er     G_cav      G_tot      G_er       G_cav     G_tot   
        [GPa]    [Eh]     [Eh]       [Eh]    [kcal/mol]  [kcal/mol]  [kcal/mol]     
1.200   0.8  -466.8487   0.0844  -466.7643  -292951.9       52.9  -292899.0
1.150   1.2  -466.8457   0.1120  -466.7338  -292950.1       70.3  -292879.8
1.100   1.8  -466.8410   0.1518  -466.6892  -292947.1       95.3  -292851.8
1.050   2.7  -466.8340   0.2152  -466.6188  -292942.7      135.1  -292807.7
1.000   4.1  -466.8243   0.3133  -466.5110  -292936.6      196.6  -292740.0
0.975   5.0  -466.8173   0.3811  -466.4362  -292932.2      239.2  -292693.1
0.950   6.3  -466.8108   0.4719  -466.3389  -292928.1      296.1  -292632.0


Structure meso-TS_58_2
   f     p       G_er     G_cav      G_tot      G_er       G_cav     G_tot   
        [GPa]    [Eh]     [Eh]       [Eh]    [kcal/mol]  [kcal/mol]  [kcal/mol]     
1.200   0.8  -466.8487   0.0842  -466.7645  -292951.9       52.8  -292899.1
1.150   1.2  -466.8453   0.1117  -466.7336  -292949.8       70.1  -292879.7
1.100   1.8  -466.8408   0.1515  -466.6893  -292947.0       95.1  -292851.9
1.050   2.7  -466.8339   0.2147  -466.6191  -292942.7      134.8  -292807.9
1.000   4.1  -466.8233   0.3126  -466.5107  -292936.0      196.2  -292739.8
0.975   5.0  -466.8175   0.3803  -466.4372  -292932.4      238.7  -292693.7
0.950   6.3  -466.8096   0.4709  -466.3387  -292927.4      295.5  -292631.9


Structure meso-TS_55_2
   f     p       G_er     G_cav      G_tot      G_er       G_cav     G_tot   
        [GPa]    [Eh]     [Eh]       [Eh]    [kcal/mol]  [kcal/mol]  [kcal/mol]     
1.200   0.8  -466.8482   0.0840  -466.7642  -292951.6       52.7  -292898.9
1.150   1.2  -466.8450   0.1114  -466.7335  -292949.6       69.9  -292879.7
1.100   1.8  -466.8397   0.1511  -466.6886  -292946.3       94.8  -292851.5
1.050   2.7  -466.8328   0.2143  -466.6185  -292942.0      134.5  -292807.5
1.000   4.1  -466.8237   0.3119  -466.5118  -292936.3      195.7  -292740.5
0.975   5.0  -466.8170   0.3795  -466.4375  -292932.1      238.1  -292693.9
0.950   6.3  -466.8086   0.4699  -466.3387  -292926.8      294.9  -292631.9


Structure meso-TS_52_2
   f     p       G_er     G_cav      G_tot      G_er       G_cav     G_tot   
        [GPa]    [Eh]     [Eh]       [Eh]    [kcal/mol]  [kcal/mol]  [kcal/mol]     
1.200   0.8  -466.8477   0.0837  -466.7639  -292951.3       52.6  -292898.7
1.150   1.2  -466.8438   0.1112  -466.7326  -292948.9       69.8  -292879.1
1.100   1.8  -466.8390   0.1508  -466.6883  -292945.9       94.6  -292851.3
1.050   2.7  -466.8314   0.2138  -466.6177  -292941.1      134.1  -292807.0
1.000   4.1  -466.8232   0.3112  -466.5120  -292936.0      195.3  -292740.7
0.975   5.0  -466.8163   0.3787  -466.4377  -292931.6      237.6  -292694.0
0.950   6.3  -466.8090   0.4688  -466.3401  -292927.0      294.2  -292632.8


Structure meso-TS_49_2
   f     p       G_er     G_cav      G_tot      G_er       G_cav     G_tot   
        [GPa]    [Eh]     [Eh]       [Eh]    [kcal/mol]  [kcal/mol]  [kcal/mol]     
1.200   0.8  -466.8468   0.0835  -466.7633  -292950.8       52.4  -292898.4
1.150   1.2  -466.8428   0.1109  -466.7319  -292948.2       69.6  -292878.6
1.100   1.8  -466.8382   0.1504  -466.6878  -292945.4       94.4  -292851.0
1.050   2.7  -466.8299   0.2133  -466.6166  -292940.1      133.8  -292806.3
1.000   4.1  -466.8224   0.3105  -466.5119  -292935.4      194.9  -292740.6
0.975   5.0  -466.8162   0.3778  -466.4384  -292931.6      237.1  -292694.5
0.950   6.3  -466.8086   0.4678  -466.3408  -292926.8      293.5  -292633.3


Structure meso-TS_46_2
   f     p       G_er     G_cav      G_tot      G_er       G_cav     G_tot   
        [GPa]    [Eh]     [Eh]       [Eh]    [kcal/mol]  [kcal/mol]  [kcal/mol]     
1.200   0.8  -466.8458   0.0833  -466.7625  -292950.2       52.3  -292897.9
1.150   1.2  -466.8423   0.1106  -466.7317  -292947.9       69.4  -292878.5
1.100   1.8  -466.8377   0.1501  -466.6876  -292945.0       94.2  -292850.9
1.050   2.7  -466.8307   0.2128  -466.6179  -292940.6      133.5  -292807.1
1.000   4.1  -466.8213   0.3098  -466.5115  -292934.8      194.4  -292740.4
0.975   5.0  -466.8152   0.3769  -466.4383  -292931.0      236.5  -292694.4
0.950   6.3  -466.8076   0.4667  -466.3409  -292926.2      292.9  -292633.3


Structure meso-TS_43_2
   f     p       G_er     G_cav      G_tot      G_er       G_cav     G_tot   
        [GPa]    [Eh]     [Eh]       [Eh]    [kcal/mol]  [kcal/mol]  [kcal/mol]     
1.200   0.8  -466.8447   0.0831  -466.7616  -292949.5       52.2  -292897.3
1.150   1.2  -466.8416   0.1104  -466.7313  -292947.5       69.3  -292878.3
1.100   1.8  -466.8367   0.1497  -466.6870  -292944.4       93.9  -292850.5
1.050   2.7  -466.8289   0.2123  -466.6166  -292939.5      133.2  -292806.3
1.000   4.1  -466.8188   0.3091  -466.5097  -292933.2      194.0  -292739.2
0.975   5.0  -466.8130   0.3761  -466.4369  -292929.5      236.0  -292693.6
0.950   6.3  -466.8060   0.4657  -466.3403  -292925.1      292.2  -292632.9


Structure meso-TS_40_2
   f     p       G_er     G_cav      G_tot      G_er       G_cav     G_tot   
        [GPa]    [Eh]     [Eh]       [Eh]    [kcal/mol]  [kcal/mol]  [kcal/mol]     
1.200   0.8  -466.8433   0.0829  -466.7603  -292948.6       52.0  -292896.5
1.150   1.2  -466.8402   0.1101  -466.7301  -292946.6       69.1  -292877.5
1.100   1.8  -466.8361   0.1494  -466.6867  -292944.1       93.7  -292850.3
1.050   2.7  -466.8278   0.2118  -466.6160  -292938.8      132.9  -292805.9
1.000   4.1  -466.8182   0.3084  -466.5098  -292932.8      193.5  -292739.3
0.975   5.0  -466.8122   0.3752  -466.4369  -292929.0      235.5  -292693.6
0.950   6.3  -466.8037   0.4646  -466.3391  -292923.7      291.6  -292632.2


Structure meso-TS_37_2
   f     p       G_er     G_cav      G_tot      G_er       G_cav     G_tot   
        [GPa]    [Eh]     [Eh]       [Eh]    [kcal/mol]  [kcal/mol]  [kcal/mol]     
1.200   0.8  -466.8423   0.0827  -466.7596  -292948.0       51.9  -292896.0
1.150   1.2  -466.8390   0.1099  -466.7291  -292945.8       68.9  -292876.9
1.100   1.8  -466.8344   0.1490  -466.6854  -292943.0       93.5  -292849.5
1.050   2.7  -466.8279   0.2113  -466.6166  -292938.9      132.6  -292806.3
1.000   4.1  -466.8166   0.3077  -466.5089  -292931.8      193.1  -292738.7
0.975   5.0  -466.8101   0.3744  -466.4357  -292927.7      234.9  -292692.8
0.950   6.3  -466.8032   0.4636  -466.3396  -292923.4      290.9  -292632.5


Structure meso-TS_34_2
   f     p       G_er     G_cav      G_tot      G_er       G_cav     G_tot   
        [GPa]    [Eh]     [Eh]       [Eh]    [kcal/mol]  [kcal/mol]  [kcal/mol]     
1.200   0.8  -466.8407   0.0827  -466.7580  -292946.9       51.9  -292895.0
1.150   1.2  -466.8376   0.1098  -466.7278  -292945.0       68.9  -292876.1
1.100   1.8  -466.8330   0.1489  -466.6841  -292942.1       93.5  -292848.7
1.050   2.7  -466.8260   0.2112  -466.6148  -292937.7      132.5  -292805.2
1.000   4.1  -466.8160   0.3074  -466.5086  -292931.4      192.9  -292738.5
0.975   5.0  -466.8089   0.3740  -466.4349  -292927.0      234.7  -292692.3
0.950   6.3  -466.8012   0.4631  -466.3381  -292922.2      290.6  -292631.6


Structure meso-TS_31_2
   f     p       G_er     G_cav      G_tot      G_er       G_cav     G_tot   
        [GPa]    [Eh]     [Eh]       [Eh]    [kcal/mol]  [kcal/mol]  [kcal/mol]     
1.200   0.8  -466.8383   0.0825  -466.7557  -292945.4       51.8  -292893.6
1.150   1.2  -466.8356   0.1096  -466.7261  -292943.8       68.8  -292875.0
1.100   1.8  -466.8316   0.1486  -466.6830  -292941.2       93.3  -292848.0
1.050   2.7  -466.8245   0.2107  -466.6138  -292936.7      132.2  -292804.5
1.000   4.1  -466.8141   0.3068  -466.5074  -292930.2      192.5  -292737.8
0.975   5.0  -466.8078   0.3732  -466.4346  -292926.3      234.2  -292692.1
0.950   6.3  -466.8000   0.4621  -466.3379  -292921.4      290.0  -292631.4


Structure meso-TS_28_2
   f     p       G_er     G_cav      G_tot      G_er       G_cav     G_tot   
        [GPa]    [Eh]     [Eh]       [Eh]    [kcal/mol]  [kcal/mol]  [kcal/mol]     
1.200   0.8  -466.8365   0.0824  -466.7541  -292944.3       51.7  -292892.6
1.150   1.2  -466.8339   0.1094  -466.7246  -292942.7       68.6  -292874.1
1.100   1.8  -466.8294   0.1483  -466.6811  -292939.8       93.1  -292846.8
1.050   2.7  -466.8220   0.2103  -466.6118  -292935.2      132.0  -292803.3
1.000   4.1  -466.8118   0.3061  -466.5057  -292928.8      192.1  -292736.7
0.975   5.0  -466.8059   0.3725  -466.4334  -292925.1      233.7  -292691.4
0.950   6.3  -466.7971   0.4612  -466.3360  -292919.6      289.4  -292630.2


Structure meso-TS_25_2
   f     p       G_er     G_cav      G_tot      G_er       G_cav     G_tot   
        [GPa]    [Eh]     [Eh]       [Eh]    [kcal/mol]  [kcal/mol]  [kcal/mol]     
1.200   0.8  -466.8345   0.0821  -466.7524  -292943.0       51.5  -292891.5
1.150   1.2  -466.8322   0.1090  -466.7232  -292941.6       68.4  -292873.2
1.100   1.8  -466.8273   0.1478  -466.6795  -292938.5       92.7  -292845.8
1.050   2.7  -466.8203   0.2096  -466.6107  -292934.1      131.5  -292802.6
1.000   4.1  -466.8098   0.3052  -466.5046  -292927.5      191.5  -292736.0
0.975   5.0  -466.8044   0.3713  -466.4331  -292924.1      233.0  -292691.1
0.950   6.3  -466.7959   0.4597  -466.3362  -292918.8      288.5  -292630.3


Structure meso-TS_22_2
   f     p       G_er     G_cav      G_tot      G_er       G_cav     G_tot   
        [GPa]    [Eh]     [Eh]       [Eh]    [kcal/mol]  [kcal/mol]  [kcal/mol]     
1.200   0.8  -466.8323   0.0819  -466.7503  -292941.6       51.4  -292890.2
1.150   1.2  -466.8288   0.1088  -466.7200  -292939.5       68.2  -292871.2
1.100   1.8  -466.8244   0.1475  -466.6769  -292936.7       92.6  -292844.1
1.050   2.7  -466.8172   0.2092  -466.6080  -292932.2      131.3  -292800.9
1.000   4.1  -466.8076   0.3046  -466.5030  -292926.2      191.1  -292735.0
0.975   5.0  -466.8017   0.3706  -466.4311  -292922.4      232.6  -292689.9
0.950   6.3  -466.7918   0.4589  -466.3329  -292916.2      287.9  -292628.3


Structure meso-TS_19_2
   f     p       G_er     G_cav      G_tot      G_er       G_cav     G_tot   
        [GPa]    [Eh]     [Eh]       [Eh]    [kcal/mol]  [kcal/mol]  [kcal/mol]     
1.200   0.8  -466.8294   0.0818  -466.7476  -292939.9       51.3  -292888.5
1.150   1.2  -466.8260   0.1086  -466.7174  -292937.7       68.2  -292869.6
1.100   1.8  -466.8212   0.1473  -466.6739  -292934.7       92.4  -292842.3
1.050   2.7  -466.8151   0.2089  -466.6062  -292930.8      131.1  -292799.8
1.000   4.1  -466.8051   0.3041  -466.5010  -292924.6      190.8  -292733.8
0.975   5.0  -466.7978   0.3700  -466.4278  -292920.0      232.2  -292687.8
0.950   6.3  -466.7884   0.4581  -466.3302  -292914.1      287.5  -292626.6


Structure meso-TS_16_2
   f     p       G_er     G_cav      G_tot      G_er       G_cav     G_tot   
        [GPa]    [Eh]     [Eh]       [Eh]    [kcal/mol]  [kcal/mol]  [kcal/mol]     
1.200   0.8  -466.8262   0.0817  -466.7445  -292937.8       51.3  -292886.5
1.150   1.2  -466.8230   0.1085  -466.7145  -292935.8       68.1  -292867.7
1.100   1.8  -466.8184   0.1471  -466.6713  -292933.0       92.3  -292840.6
1.050   2.7  -466.8115   0.2086  -466.6029  -292928.6      130.9  -292797.7
1.000   4.1  -466.8019   0.3037  -466.4982  -292922.6      190.6  -292732.0
0.975   5.0  -466.7942   0.3695  -466.4247  -292917.7      231.8  -292685.9
0.950   6.3  -466.7870   0.4574  -466.3295  -292913.2      287.1  -292626.2


Structure meso-TS_13_2
   f     p       G_er     G_cav      G_tot      G_er       G_cav     G_tot   
        [GPa]    [Eh]     [Eh]       [Eh]    [kcal/mol]  [kcal/mol]  [kcal/mol]     
1.200   0.8  -466.8222   0.0816  -466.7406  -292935.3       51.2  -292884.1
1.150   1.2  -466.8195   0.1084  -466.7112  -292933.6       68.0  -292865.6
1.100   1.8  -466.8144   0.1469  -466.6675  -292930.5       92.2  -292838.2
1.050   2.7  -466.8074   0.2083  -466.5990  -292926.0      130.7  -292795.3
1.000   4.1  -466.7975   0.3033  -466.4942  -292919.8      190.3  -292729.5
0.975   5.0  -466.7911   0.3690  -466.4221  -292915.8      231.6  -292684.3
0.950   6.3  -466.7837   0.4569  -466.3268  -292911.1      286.7  -292624.4


Structure meso-TS_10_2
   f     p       G_er     G_cav      G_tot      G_er       G_cav     G_tot   
        [GPa]    [Eh]     [Eh]       [Eh]    [kcal/mol]  [kcal/mol]  [kcal/mol]     
1.200   0.8  -466.8186   0.0816  -466.7370  -292933.0       51.2  -292881.9
1.150   1.2  -466.8146   0.1083  -466.7063  -292930.5       67.9  -292862.6
1.100   1.8  -466.8099   0.1468  -466.6631  -292927.6       92.1  -292835.5
1.050   2.7  -466.8037   0.2082  -466.5955  -292923.7      130.6  -292793.1
1.000   4.1  -466.7931   0.3030  -466.4901  -292917.1      190.2  -292726.9
0.975   5.0  -466.7861   0.3687  -466.4175  -292912.7      231.4  -292681.3
0.950   6.3  -466.7780   0.4565  -466.3215  -292907.6      286.4  -292621.1


Structure meso-TS_7_2
   f     p       G_er     G_cav      G_tot      G_er       G_cav     G_tot   
        [GPa]    [Eh]     [Eh]       [Eh]    [kcal/mol]  [kcal/mol]  [kcal/mol]     
1.200   0.8  -466.8141   0.0816  -466.7326  -292930.3       51.2  -292879.1
1.150   1.2  -466.8103   0.1083  -466.7021  -292927.9       67.9  -292859.9
1.100   1.8  -466.8064   0.1468  -466.6596  -292925.4       92.1  -292833.3
1.050   2.7  -466.7991   0.2081  -466.5910  -292920.9      130.6  -292790.3
1.000   4.1  -466.7891   0.3030  -466.4861  -292914.5      190.1  -292724.4
0.975   5.0  -466.7829   0.3686  -466.4144  -292910.7      231.3  -292679.4
0.950   6.3  -466.7746   0.4563  -466.3183  -292905.4      286.3  -292619.1


Structure meso-TS_4_2
   f     p       G_er     G_cav      G_tot      G_er       G_cav     G_tot   
        [GPa]    [Eh]     [Eh]       [Eh]    [kcal/mol]  [kcal/mol]  [kcal/mol]     
1.200   0.8  -466.8089   0.0816  -466.7272  -292927.0       51.2  -292875.7
1.150   1.2  -466.8056   0.1083  -466.6973  -292924.9       68.0  -292856.9
1.100   1.8  -466.8008   0.1469  -466.6539  -292921.9       92.2  -292829.7
1.050   2.7  -466.7941   0.2082  -466.5859  -292917.7      130.7  -292787.1
1.000   4.1  -466.7843   0.3031  -466.4813  -292911.6      190.2  -292721.4
0.975   5.0  -466.7775   0.3687  -466.4088  -292907.3      231.4  -292675.9
0.950   6.3  -466.7706   0.4565  -466.3141  -292902.9      286.4  -292616.5


Structure meso-TS_1_2
   f     p       G_er     G_cav      G_tot      G_er       G_cav     G_tot   
        [GPa]    [Eh]     [Eh]       [Eh]    [kcal/mol]  [kcal/mol]  [kcal/mol]     
1.200   0.8  -466.8058   0.0817  -466.7241  -292925.0       51.3  -292873.7
1.150   1.2  -466.8033   0.1084  -466.6949  -292923.4       68.0  -292855.4
1.100   1.8  -466.7986   0.1470  -466.6517  -292920.5       92.2  -292828.3
1.050   2.7  -466.7907   0.2083  -466.5824  -292915.6      130.7  -292784.8
1.000   4.1  -466.7813   0.3032  -466.4781  -292909.7      190.3  -292719.4
0.975   5.0  -466.7749   0.3689  -466.4060  -292905.6      231.5  -292674.2
0.950   6.3  -466.7678   0.4567  -466.3112  -292901.2      286.6  -292614.7


Structure meso-TS_0_1
   f     p       G_er     G_cav      G_tot      G_er       G_cav     G_tot   
        [GPa]    [Eh]     [Eh]       [Eh]    [kcal/mol]  [kcal/mol]  [kcal/mol]     
1.200   0.8  -466.8056   0.0817  -466.7239  -292924.9       51.3  -292873.6
1.150   1.2  -466.8029   0.1084  -466.6944  -292923.2       68.0  -292855.1
1.100   1.8  -466.7989   0.1470  -466.6518  -292920.7       92.3  -292828.4
1.050   2.7  -466.7899   0.2084  -466.5816  -292915.1      130.8  -292784.3
1.000   4.1  -466.7818   0.3033  -466.4786  -292910.0      190.3  -292719.7
0.975   5.0  -466.7753   0.3689  -466.4064  -292905.9      231.5  -292674.4
0.950   6.3  -466.7678   0.4568  -466.3110  -292901.2      286.6  -292614.5


Structure meso-TS_1_1
   f     p       G_er     G_cav      G_tot      G_er       G_cav     G_tot   
        [GPa]    [Eh]     [Eh]       [Eh]    [kcal/mol]  [kcal/mol]  [kcal/mol]     
1.200   0.8  -466.8062   0.0817  -466.7244  -292925.3       51.3  -292874.0
1.150   1.2  -466.8029   0.1084  -466.6944  -292923.2       68.0  -292855.2
1.100   1.8  -466.7989   0.1470  -466.6519  -292920.7       92.3  -292828.4
1.050   2.7  -466.7900   0.2084  -466.5816  -292915.1      130.8  -292784.3
1.000   4.1  -466.7818   0.3033  -466.4786  -292910.0      190.3  -292719.7
0.975   5.0  -466.7753   0.3689  -466.4064  -292905.9      231.5  -292674.4
0.950   6.3  -466.7677   0.4567  -466.3110  -292901.1      286.6  -292614.5


Structure meso-TS_4_1
   f     p       G_er     G_cav      G_tot      G_er       G_cav     G_tot   
        [GPa]    [Eh]     [Eh]       [Eh]    [kcal/mol]  [kcal/mol]  [kcal/mol]     
1.200   0.8  -466.8079   0.0818  -466.7261  -292926.3       51.3  -292875.0
1.150   1.2  -466.8052   0.1085  -466.6967  -292924.7       68.1  -292856.6
1.100   1.8  -466.8003   0.1471  -466.6533  -292921.6       92.3  -292829.3
1.050   2.7  -466.7923   0.2084  -466.5839  -292916.6      130.8  -292785.8
1.000   4.1  -466.7840   0.3034  -466.4807  -292911.4      190.4  -292721.0
0.975   5.0  -466.7779   0.3690  -466.4089  -292907.5      231.6  -292675.9
0.950   6.3  -466.7711   0.4569  -466.3142  -292903.2      286.7  -292616.6


Structure meso-TS_7_1
   f     p       G_er     G_cav      G_tot      G_er       G_cav     G_tot   
        [GPa]    [Eh]     [Eh]       [Eh]    [kcal/mol]  [kcal/mol]  [kcal/mol]     
1.200   0.8  -466.8119   0.0818  -466.7301  -292928.9       51.3  -292877.5
1.150   1.2  -466.8088   0.1085  -466.7003  -292926.9       68.1  -292858.8
1.100   1.8  -466.8034   0.1471  -466.6563  -292923.5       92.3  -292831.2
1.050   2.7  -466.7961   0.2085  -466.5876  -292918.9      130.8  -292788.1
1.000   4.1  -466.7867   0.3034  -466.4833  -292913.0      190.4  -292722.7
0.975   5.0  -466.7812   0.3690  -466.4122  -292909.6      231.6  -292678.0
0.950   6.3  -466.7720   0.4569  -466.3151  -292903.8      286.7  -292617.1


Structure meso-TS_10_1
   f     p       G_er     G_cav      G_tot      G_er       G_cav     G_tot   
        [GPa]    [Eh]     [Eh]       [Eh]    [kcal/mol]  [kcal/mol]  [kcal/mol]     
1.200   0.8  -466.8161   0.0818  -466.7343  -292931.5       51.3  -292880.2
1.150   1.2  -466.8128   0.1085  -466.7043  -292929.4       68.1  -292861.3
1.100   1.8  -466.8079   0.1471  -466.6608  -292926.3       92.3  -292834.0
1.050   2.7  -466.8001   0.2084  -466.5917  -292921.5      130.8  -292790.7
1.000   4.1  -466.7918   0.3033  -466.4885  -292916.3      190.3  -292725.9
0.975   5.0  -466.7851   0.3690  -466.4161  -292912.0      231.5  -292680.5
0.950   6.3  -466.7756   0.4568  -466.3189  -292906.1      286.6  -292619.5


Structure meso-TS_13_1
   f     p       G_er     G_cav      G_tot      G_er       G_cav     G_tot   
        [GPa]    [Eh]     [Eh]       [Eh]    [kcal/mol]  [kcal/mol]  [kcal/mol]     
1.200   0.8  -466.8200   0.0818  -466.7382  -292933.9       51.3  -292882.6
1.150   1.2  -466.8171   0.1085  -466.7086  -292932.1       68.1  -292864.0
1.100   1.8  -466.8120   0.1470  -466.6650  -292929.0       92.3  -292836.7
1.050   2.7  -466.8047   0.2083  -466.5964  -292924.3      130.7  -292793.6
1.000   4.1  -466.7960   0.3032  -466.4929  -292918.9      190.2  -292728.7
0.975   5.0  -466.7900   0.3688  -466.4213  -292915.1      231.4  -292683.7
0.950   6.3  -466.7823   0.4565  -466.3258  -292910.3      286.5  -292623.8


Structure meso-TS_16_1
   f     p       G_er     G_cav      G_tot      G_er       G_cav     G_tot   
        [GPa]    [Eh]     [Eh]       [Eh]    [kcal/mol]  [kcal/mol]  [kcal/mol]     
1.200   0.8  -466.8240   0.0817  -466.7422  -292936.4       51.3  -292885.1
1.150   1.2  -466.8203   0.1084  -466.7119  -292934.1       68.0  -292866.1
1.100   1.8  -466.8157   0.1469  -466.6688  -292931.2       92.2  -292839.0
1.050   2.7  -466.8095   0.2082  -466.6013  -292927.3      130.6  -292796.7
1.000   4.1  -466.7983   0.3029  -466.4954  -292920.3      190.1  -292730.2
0.975   5.0  -466.7932   0.3684  -466.4247  -292917.1      231.2  -292685.9
0.950   6.3  -466.7859   0.4561  -466.3298  -292912.5      286.2  -292626.3


Structure meso-TS_19_1
   f     p       G_er     G_cav      G_tot      G_er       G_cav     G_tot   
        [GPa]    [Eh]     [Eh]       [Eh]    [kcal/mol]  [kcal/mol]  [kcal/mol]     
1.200   0.8  -466.8258   0.0816  -466.7442  -292937.6       51.2  -292886.4
1.150   1.2  -466.8225   0.1083  -466.7142  -292935.5       68.0  -292867.6
1.100   1.8  -466.8187   0.1468  -466.6719  -292933.1       92.1  -292841.0
1.050   2.7  -466.8112   0.2079  -466.6033  -292928.4      130.5  -292798.0
1.000   4.1  -466.8014   0.3025  -466.4988  -292922.3      189.8  -292732.4
0.975   5.0  -466.7953   0.3680  -466.4273  -292918.4      230.9  -292687.5
0.950   6.3  -466.7871   0.4555  -466.3316  -292913.3      285.8  -292627.5


Structure meso-TS_22_1
   f     p       G_er     G_cav      G_tot      G_er       G_cav     G_tot   
        [GPa]    [Eh]     [Eh]       [Eh]    [kcal/mol]  [kcal/mol]  [kcal/mol]     
1.200   0.8  -466.8276   0.0815  -466.7461  -292938.7       51.1  -292887.6
1.150   1.2  -466.8234   0.1081  -466.7153  -292936.1       67.8  -292868.2
1.100   1.8  -466.8191   0.1465  -466.6726  -292933.4       91.9  -292841.4
1.050   2.7  -466.8120   0.2075  -466.6045  -292928.9      130.2  -292798.7
1.000   4.1  -466.8027   0.3020  -466.5007  -292923.1      189.5  -292733.6
0.975   5.0  -466.7979   0.3673  -466.4306  -292920.1      230.5  -292689.6
0.950   6.3  -466.7899   0.4547  -466.3352  -292915.1      285.3  -292629.8


Structure meso-TS_25_1
   f     p       G_er     G_cav      G_tot      G_er       G_cav     G_tot   
        [GPa]    [Eh]     [Eh]       [Eh]    [kcal/mol]  [kcal/mol]  [kcal/mol]     
1.200   0.8  -466.8273   0.0813  -466.7459  -292938.5       51.0  -292887.5
1.150   1.2  -466.8249   0.1079  -466.7170  -292937.0       67.7  -292869.3
1.100   1.8  -466.8201   0.1462  -466.6738  -292934.0       91.7  -292842.2
1.050   2.7  -466.8130   0.2071  -466.6059  -292929.6      130.0  -292799.6
1.000   4.1  -466.8041   0.3014  -466.5027  -292924.0      189.1  -292734.8
0.975   5.0  -466.7974   0.3666  -466.4308  -292919.8      230.0  -292689.7
0.950   6.3  -466.7892   0.4538  -466.3353  -292914.6      284.8  -292629.8


Structure meso-TS_28_1
   f     p       G_er     G_cav      G_tot      G_er       G_cav     G_tot   
        [GPa]    [Eh]     [Eh]       [Eh]    [kcal/mol]  [kcal/mol]  [kcal/mol]     
1.200   0.8  -466.8280   0.0813  -466.7468  -292939.0       51.0  -292888.0
1.150   1.2  -466.8247   0.1078  -466.7169  -292936.9       67.7  -292869.2
1.100   1.8  -466.8201   0.1461  -466.6739  -292934.0       91.7  -292842.3
1.050   2.7  -466.8134   0.2070  -466.6064  -292929.8      129.9  -292799.9
1.000   4.1  -466.8039   0.3012  -466.5027  -292923.8      189.0  -292734.8
0.975   5.0  -466.7974   0.3664  -466.4310  -292919.8      229.9  -292689.8
0.950   6.3  -466.7879   0.4536  -466.3344  -292913.8      284.6  -292629.2


Structure meso-TS_30_1
   f     p       G_er     G_cav      G_tot      G_er       G_cav     G_tot   
        [GPa]    [Eh]     [Eh]       [Eh]    [kcal/mol]  [kcal/mol]  [kcal/mol]     
1.200   0.8  -466.8280   0.0813  -466.7467  -292939.0       51.0  -292887.9
1.150   1.2  -466.8245   0.1079  -466.7166  -292936.7       67.7  -292869.1
1.100   1.8  -466.8199   0.1462  -466.6738  -292933.9       91.7  -292842.2
1.050   2.7  -466.8125   0.2071  -466.6055  -292929.3      129.9  -292799.3
1.000   4.1  -466.8036   0.3013  -466.5023  -292923.6      189.1  -292734.6
0.975   5.0  -466.7969   0.3665  -466.4304  -292919.5      230.0  -292689.5
0.950   6.3  -466.7896   0.4537  -466.3360  -292914.9      284.7  -292630.2

Table Ib: 
Electronic energy (G_), cavitation energy (G_cav), and total (G_tot) 
energies at p=1bar 
   System       G_er     G_cav      G_tot   
                [Eh]     [Eh]       [Eh]    
          1  -233.4276   0.0213  -233.4064 
          1  -233.4276   0.0213  -233.4064 
meso-TS_91_2  -466.8605   0.0379  -466.8225 
meso-TS_88_2  -466.8604   0.0379  -466.8226 
meso-TS_85_2  -466.8604   0.0378  -466.8226 
meso-TS_82_2  -466.8603   0.0377  -466.8226 
meso-TS_79_2  -466.8602   0.0376  -466.8226 
meso-TS_76_2  -466.8600   0.0375  -466.8225 
meso-TS_73_2  -466.8598   0.0374  -466.8224 
meso-TS_70_2  -466.8596   0.0379  -466.8217 
meso-TS_67_2  -466.8593   0.0372  -466.8221 
meso-TS_64_2  -466.8590   0.0370  -466.8219 
meso-TS_61_2  -466.8586   0.0369  -466.8217 
meso-TS_58_2  -466.8581   0.0367  -466.8214 
meso-TS_55_2  -466.8575   0.0366  -466.8209 
meso-TS_52_2  -466.8569   0.0365  -466.8204 
meso-TS_49_2  -466.8561   0.0364  -466.8198 
meso-TS_46_2  -466.8553   0.0363  -466.8190 
meso-TS_43_2  -466.8543   0.0362  -466.8181 
meso-TS_40_2  -466.8531   0.0361  -466.8171 
meso-TS_37_2  -466.8518   0.0360  -466.8158 
meso-TS_34_2  -466.8503   0.0361  -466.8143 
meso-TS_31_2  -466.8486   0.0360  -466.8126 
meso-TS_28_2  -466.8467   0.0359  -466.8108 
meso-TS_25_2  -466.8444   0.0357  -466.8087 
meso-TS_22_2  -466.8419   0.0356  -466.8062 
meso-TS_19_2  -466.8390   0.0356  -466.8034 
meso-TS_16_2  -466.8357   0.0356  -466.8001 
meso-TS_13_2  -466.8320   0.0356  -466.7964 
meso-TS_10_2  -466.8278   0.0356  -466.7922 
meso-TS_7_2  -466.8233   0.0356  -466.7877 
meso-TS_4_2  -466.8184   0.0357  -466.7827 
meso-TS_1_2  -466.8156   0.0357  -466.7798 
meso-TS_0_1  -466.8155   0.0358  -466.7798 
meso-TS_1_1  -466.8155   0.0358  -466.7798 
meso-TS_4_1  -466.8175   0.0358  -466.7817 
meso-TS_7_1  -466.8212   0.0358  -466.7853 
meso-TS_10_1  -466.8254   0.0359  -466.7895 
meso-TS_13_1  -466.8296   0.0359  -466.7937 
meso-TS_16_1  -466.8331   0.0359  -466.7972 
meso-TS_19_1  -466.8355   0.0359  -466.7996 
meso-TS_22_1  -466.8367   0.0358  -466.8008 
meso-TS_25_1  -466.8371   0.0358  -466.8013 
meso-TS_28_1  -466.8372   0.0357  -466.8014 
meso-TS_30_1  -466.8372   0.0357  -466.8015 



----------------------------------------------------------------

Table II:
Potential energy profile DG_tot({i},p), (kcal/mol) as a function of the pressure, p (GPa).
DG_er and DG_cav are the  electronic and cavitation contributions, respectively.

p[GPa]=0.0 
 Structure  DG_tot[kcal/mol]    DG_er[kcal/mol]   DG_cav[kcal/mol] 
     1+1                0.0                0.0                0.0 
meso-TS_91_2               -6.2               -3.3               -2.9 
meso-TS_88_2               -6.2               -3.3               -2.9 
meso-TS_85_2               -6.2               -3.2               -3.0 
meso-TS_82_2               -6.2               -3.2               -3.0 
meso-TS_79_2               -6.2               -3.1               -3.1 
meso-TS_76_2               -6.1               -3.0               -3.1 
meso-TS_73_2               -6.1               -2.9               -3.2 
meso-TS_70_2               -5.7               -2.7               -2.9 
meso-TS_67_2               -5.9               -2.6               -3.3 
meso-TS_64_2               -5.8               -2.4               -3.4 
meso-TS_61_2               -5.7               -2.1               -3.5 
meso-TS_58_2               -5.4               -1.8               -3.6 
meso-TS_55_2               -5.2               -1.5               -3.7 
meso-TS_52_2               -4.8               -1.1               -3.8 
meso-TS_49_2               -4.4               -0.6               -3.8 
meso-TS_46_2               -3.9               -0.0               -3.9 
meso-TS_43_2               -3.4                0.6               -4.0 
meso-TS_40_2               -2.7                1.3               -4.0 
meso-TS_37_2               -2.0                2.1               -4.1 
meso-TS_34_2               -1.0                3.1               -4.0 
meso-TS_31_2                0.0                4.1               -4.1 
meso-TS_28_2                1.2                5.4               -4.1 
meso-TS_25_2                2.5                6.8               -4.3 
meso-TS_22_2                4.1                8.4               -4.3 
meso-TS_19_2                5.9               10.2               -4.3 
meso-TS_16_2                7.9               12.3               -4.3 
meso-TS_13_2               10.2               14.6               -4.3 
meso-TS_10_2               12.9               17.2               -4.3 
meso-TS_7_2               15.7               20.0               -4.3 
meso-TS_4_2               18.8               23.1               -4.3 
meso-TS_1_2               20.6               24.9               -4.3 
meso-TS_0_1               20.7               24.9               -4.2 
meso-TS_1_1               20.7               24.9               -4.2 
meso-TS_4_1               19.4               23.6               -4.2 
meso-TS_7_1               17.2               21.4               -4.2 
meso-TS_10_1               14.5               18.7               -4.2 
meso-TS_13_1               12.0               16.1               -4.1 
meso-TS_16_1                9.8               13.9               -4.1 
meso-TS_19_1                8.2               12.4               -4.2 
meso-TS_22_1                7.4               11.6               -4.2 
meso-TS_25_1                7.2               11.4               -4.2 
meso-TS_28_1                7.1               11.3               -4.3 
meso-TS_30_1                7.0               11.3               -4.2 
p[GPa]=    0.8 
        Structure  DG_tot[kcal/mol]    DG_er[kcal/mol]   DG_cav[kcal/mol] 
             1+1                0.0                0.0                0.0 
    meso-TS_91_2               -8.0               -4.6               -3.4 
    meso-TS_88_2               -8.2               -4.8               -3.5 
    meso-TS_85_2               -8.3               -4.8               -3.5 
    meso-TS_82_2               -7.9               -4.3               -3.6 
    meso-TS_79_2               -8.2               -4.5               -3.7 
    meso-TS_76_2               -8.3               -4.5               -3.8 
    meso-TS_73_2               -8.2               -4.3               -3.9 
    meso-TS_70_2               -7.7               -4.0               -3.7 
    meso-TS_67_2               -8.1               -3.9               -4.1 
    meso-TS_64_2               -8.2               -3.9               -4.3 
    meso-TS_61_2               -7.6               -3.2               -4.4 
    meso-TS_58_2               -7.8               -3.2               -4.6 
    meso-TS_55_2               -7.6               -2.9               -4.7 
    meso-TS_52_2               -7.4               -2.5               -4.8 
    meso-TS_49_2               -7.0               -2.0               -5.0 
    meso-TS_46_2               -6.5               -1.4               -5.1 
    meso-TS_43_2               -5.9               -0.7               -5.2 
    meso-TS_40_2               -5.1                0.2               -5.3 
    meso-TS_37_2               -4.6                0.8               -5.5 
    meso-TS_34_2               -3.6                1.8               -5.5 
    meso-TS_31_2               -2.2                3.4               -5.6 
    meso-TS_28_2               -1.2                4.4               -5.7 
    meso-TS_25_2               -0.2                5.7               -5.9 
    meso-TS_22_2                1.2                7.1               -6.0 
    meso-TS_19_2                2.9                8.9               -6.0 
    meso-TS_16_2                4.8               11.0               -6.1 
    meso-TS_13_2                7.3               13.4               -6.2 
    meso-TS_10_2                9.5               15.7               -6.2 
     meso-TS_7_2               12.3               18.5               -6.2 
     meso-TS_4_2               15.7               21.8               -6.2 
     meso-TS_1_2               17.6               23.8               -6.1 
     meso-TS_0_1               17.8               23.9               -6.1 
     meso-TS_1_1               17.4               23.5               -6.1 
     meso-TS_4_1               16.3               22.4               -6.1 
     meso-TS_7_1               13.8               19.9               -6.1 
    meso-TS_10_1               11.2               17.3               -6.1 
    meso-TS_13_1                8.8               14.8               -6.1 
    meso-TS_16_1                6.2               12.3               -6.1 
    meso-TS_19_1                5.0               11.2               -6.1 
    meso-TS_22_1                3.8               10.0               -6.2 
    meso-TS_25_1                3.9               10.3               -6.3 
    meso-TS_28_1                3.4                9.8               -6.4 
    meso-TS_30_1                3.4                9.8               -6.4 
p[GPa]=    1.2 
        Structure  DG_tot[kcal/mol]    DG_er[kcal/mol]   DG_cav[kcal/mol] 
             1+1                0.0                0.0                0.0 
    meso-TS_91_2               -9.4               -5.2               -4.2 
    meso-TS_88_2               -9.5               -5.3               -4.3 
    meso-TS_85_2               -9.4               -5.0               -4.4 
    meso-TS_82_2               -9.3               -4.9               -4.5 
    meso-TS_79_2               -9.5               -4.9               -4.6 
    meso-TS_76_2               -9.9               -5.1               -4.7 
    meso-TS_73_2               -9.7               -4.8               -4.8 
    meso-TS_70_2               -9.2               -4.6               -4.6 
    meso-TS_67_2               -9.6               -4.5               -5.1 
    meso-TS_64_2               -9.2               -3.9               -5.3 
    meso-TS_61_2               -9.4               -3.9               -5.5 
    meso-TS_58_2               -9.3               -3.7               -5.7 
    meso-TS_55_2               -9.2               -3.4               -5.8 
    meso-TS_52_2               -8.7               -2.7               -6.0 
    meso-TS_49_2               -8.2               -2.0               -6.2 
    meso-TS_46_2               -8.1               -1.8               -6.3 
    meso-TS_43_2               -7.8               -1.3               -6.5 
    meso-TS_40_2               -7.1               -0.4               -6.7 
    meso-TS_37_2               -6.5                0.3               -6.8 
    meso-TS_34_2               -5.7                1.2               -6.9 
    meso-TS_31_2               -4.6                2.4               -7.0 
    meso-TS_28_2               -3.6                3.5               -7.1 
    meso-TS_25_2               -2.8                4.6               -7.4 
    meso-TS_22_2               -0.8                6.7               -7.5 
    meso-TS_19_2                0.8                8.5               -7.6 
    meso-TS_16_2                2.7               10.4               -7.7 
    meso-TS_13_2                4.8               12.6               -7.8 
    meso-TS_10_2                7.8               15.7               -7.8 
     meso-TS_7_2               10.5               18.3               -7.8 
     meso-TS_4_2               13.5               21.3               -7.8 
     meso-TS_1_2               15.0               22.7               -7.7 
     meso-TS_0_1               15.3               23.0               -7.7 
     meso-TS_1_1               15.3               23.0               -7.7 
     meso-TS_4_1               13.8               21.5               -7.7 
     meso-TS_7_1               11.6               19.3               -7.7 
    meso-TS_10_1                9.1               16.8               -7.7 
    meso-TS_13_1                6.4               14.1               -7.7 
    meso-TS_16_1                4.3               12.0               -7.7 
    meso-TS_19_1                2.9               10.7               -7.8 
    meso-TS_22_1                2.2               10.1               -7.9 
    meso-TS_25_1                1.1                9.2               -8.1 
    meso-TS_28_1                1.2                9.3               -8.1 
    meso-TS_30_1                1.4                9.4               -8.1 
p[GPa]=    1.8 
        Structure  DG_tot[kcal/mol]    DG_er[kcal/mol]   DG_cav[kcal/mol] 
             1+1                0.0                0.0                0.0 
    meso-TS_91_2              -11.0               -5.8               -5.2 
    meso-TS_88_2              -11.1               -5.8               -5.3 
    meso-TS_85_2              -11.6               -6.1               -5.5 
    meso-TS_82_2              -11.6               -6.0               -5.6 
    meso-TS_79_2              -11.6               -5.9               -5.8 
    meso-TS_76_2              -11.5               -5.6               -5.9 
    meso-TS_73_2              -11.4               -5.3               -6.1 
    meso-TS_70_2              -11.2               -5.4               -5.8 
    meso-TS_67_2              -11.4               -4.9               -6.5 
    meso-TS_64_2              -11.4               -4.7               -6.7 
    meso-TS_61_2              -11.5               -4.5               -7.0 
    meso-TS_58_2              -11.5               -4.4               -7.2 
    meso-TS_55_2              -11.1               -3.7               -7.4 
    meso-TS_52_2              -10.9               -3.3               -7.6 
    meso-TS_49_2              -10.6               -2.8               -7.9 
    meso-TS_46_2              -10.5               -2.4               -8.1 
    meso-TS_43_2              -10.1               -1.8               -8.3 
    meso-TS_40_2              -10.0               -1.4               -8.5 
    meso-TS_37_2               -9.1               -0.4               -8.7 
    meso-TS_34_2               -8.3                0.5               -8.8 
    meso-TS_31_2               -7.6                1.4               -9.0 
    meso-TS_28_2               -6.4                2.8               -9.2 
    meso-TS_25_2               -5.4                4.1               -9.5 
    meso-TS_22_2               -3.8                5.9               -9.7 
    meso-TS_19_2               -1.9                7.9               -9.8 
    meso-TS_16_2               -0.3                9.7               -9.9 
    meso-TS_13_2                2.1               12.2              -10.0 
    meso-TS_10_2                4.9               15.0              -10.1 
     meso-TS_7_2                7.1               17.2              -10.1 
     meso-TS_4_2               10.6               20.7              -10.1 
     meso-TS_1_2               12.1               22.1              -10.0 
     meso-TS_0_1               12.0               21.9              -10.0 
     meso-TS_1_1               11.9               21.9              -10.0 
     meso-TS_4_1               11.1               21.0              -10.0 
     meso-TS_7_1                9.2               19.1               -9.9 
    meso-TS_10_1                6.3               16.3               -9.9 
    meso-TS_13_1                3.7               13.7              -10.0 
    meso-TS_16_1                1.3               11.4              -10.1 
    meso-TS_19_1               -0.7                9.5              -10.2 
    meso-TS_22_1               -1.1                9.3              -10.3 
    meso-TS_25_1               -1.9                8.6              -10.5 
    meso-TS_28_1               -1.9                8.6              -10.6 
    meso-TS_30_1               -1.8                8.7              -10.5 
p[GPa]=    2.7 
        Structure  DG_tot[kcal/mol]    DG_er[kcal/mol]   DG_cav[kcal/mol] 
             1+1                0.0                0.0                0.0 
    meso-TS_91_2              -13.5               -6.7               -6.8 
    meso-TS_88_2              -13.9               -6.9               -7.0 
    meso-TS_85_2              -13.5               -6.4               -7.2 
    meso-TS_82_2              -13.1               -5.7               -7.4 
    meso-TS_79_2              -13.9               -6.3               -7.6 
    meso-TS_76_2              -14.6               -6.8               -7.8 
    meso-TS_73_2              -14.5               -6.5               -8.1 
    meso-TS_70_2              -13.1               -5.5               -7.7 
    meso-TS_67_2              -14.3               -5.7               -8.6 
    meso-TS_64_2              -14.9               -6.0               -8.9 
    meso-TS_61_2              -14.6               -5.3               -9.2 
    meso-TS_58_2              -14.8               -5.3               -9.5 
    meso-TS_55_2              -14.4               -4.6               -9.8 
    meso-TS_52_2              -13.9               -3.7              -10.1 
    meso-TS_49_2              -13.2               -2.7              -10.4 
    meso-TS_46_2              -14.0               -3.2              -10.8 
    meso-TS_43_2              -13.2               -2.1              -11.1 
    meso-TS_40_2              -12.8               -1.4              -11.4 
    meso-TS_37_2              -13.2               -1.5              -11.7 
    meso-TS_34_2              -12.1               -0.3              -11.8 
    meso-TS_31_2              -11.4                0.7              -12.1 
    meso-TS_28_2              -10.1                2.2              -12.3 
    meso-TS_25_2               -9.5                3.3              -12.8 
    meso-TS_22_2               -7.8                5.2              -13.0 
    meso-TS_19_2               -6.7                6.6              -13.2 
    meso-TS_16_2               -4.6                8.8              -13.4 
    meso-TS_13_2               -2.2               11.4              -13.5 
    meso-TS_10_2                0.0               13.7              -13.7 
     meso-TS_7_2                2.9               16.5              -13.7 
     meso-TS_4_2                6.1               19.7              -13.6 
     meso-TS_1_2                8.3               21.9              -13.6 
     meso-TS_0_1                8.8               22.3              -13.5 
     meso-TS_1_1                8.8               22.3              -13.5 
     meso-TS_4_1                7.3               20.8              -13.5 
     meso-TS_7_1                5.0               18.5              -13.5 
    meso-TS_10_1                2.5               15.9              -13.5 
    meso-TS_13_1               -0.5               13.1              -13.5 
    meso-TS_16_1               -3.6               10.1              -13.7 
    meso-TS_19_1               -4.8                9.0              -13.8 
    meso-TS_22_1               -5.6                8.5              -14.0 
    meso-TS_25_1               -6.5                7.8              -14.3 
    meso-TS_28_1               -6.8                7.6              -14.4 
    meso-TS_30_1               -6.2                8.1              -14.3 
p[GPa]=    4.1 
        Structure  DG_tot[kcal/mol]    DG_er[kcal/mol]   DG_cav[kcal/mol] 
             1+1                0.0                0.0                0.0 
    meso-TS_91_2              -17.1               -7.9               -9.2 
    meso-TS_88_2              -16.6               -7.2               -9.5 
    meso-TS_85_2              -17.7               -7.9               -9.7 
    meso-TS_82_2              -17.9               -7.9              -10.0 
    meso-TS_79_2              -17.6               -7.3              -10.3 
    meso-TS_76_2              -18.1               -7.5              -10.6 
    meso-TS_73_2              -17.8               -6.8              -11.0 
    meso-TS_70_2              -17.7               -7.2              -10.5 
    meso-TS_67_2              -17.9               -6.2              -11.7 
    meso-TS_64_2              -18.7               -6.6              -12.1 
    meso-TS_61_2              -19.0               -6.4              -12.6 
    meso-TS_58_2              -18.8               -5.8              -13.1 
    meso-TS_55_2              -19.5               -6.0              -13.5 
    meso-TS_52_2              -19.7               -5.7              -13.9 
    meso-TS_49_2              -19.6               -5.2              -14.4 
    meso-TS_46_2              -19.4               -4.5              -14.8 
    meso-TS_43_2              -18.2               -2.9              -15.3 
    meso-TS_40_2              -18.3               -2.6              -15.7 
    meso-TS_37_2              -17.7               -1.6              -16.1 
    meso-TS_34_2              -17.5               -1.2              -16.3 
    meso-TS_31_2              -16.7               -0.0              -16.7 
    meso-TS_28_2              -15.7                1.4              -17.1 
    meso-TS_25_2              -15.0                2.7              -17.7 
    meso-TS_22_2              -14.0                4.1              -18.1 
    meso-TS_19_2              -12.8                5.6              -18.4 
    meso-TS_16_2              -11.0                7.7              -18.7 
    meso-TS_13_2               -8.5               10.4              -18.9 
    meso-TS_10_2               -5.9               13.2              -19.1 
     meso-TS_7_2               -3.4               15.7              -19.1 
     meso-TS_4_2               -0.4               18.7              -19.1 
     meso-TS_1_2                1.6               20.6              -19.0 
     meso-TS_0_1                1.3               20.2              -18.9 
     meso-TS_1_1                1.3               20.3              -18.9 
     meso-TS_4_1                0.0               18.9              -18.9 
     meso-TS_7_1               -1.7               17.2              -18.9 
    meso-TS_10_1               -4.9               14.0              -18.9 
    meso-TS_13_1               -7.7               11.3              -19.0 
    meso-TS_16_1               -9.2                9.9              -19.2 
    meso-TS_19_1              -11.4                8.0              -19.4 
    meso-TS_22_1              -12.6                7.2              -19.7 
    meso-TS_25_1              -13.8                6.3              -20.1 
    meso-TS_28_1              -13.8                6.4              -20.2 
    meso-TS_30_1              -13.5                6.6              -20.2 
p[GPa]=    5.0 
        Structure  DG_tot[kcal/mol]    DG_er[kcal/mol]   DG_cav[kcal/mol] 
             1+1                0.0                0.0                0.0 
    meso-TS_91_2              -19.9               -9.0              -10.9 
    meso-TS_88_2              -19.4               -8.2              -11.2 
    meso-TS_85_2              -36.9              -25.3              -11.5 
    meso-TS_82_2              -20.2               -8.3              -11.9 
    meso-TS_79_2              -20.8               -8.6              -12.2 
    meso-TS_76_2              -20.8               -8.2              -12.6 
    meso-TS_73_2              -21.6               -8.5              -13.0 
    meso-TS_70_2              -20.9               -8.4              -12.5 
    meso-TS_67_2              -21.7               -7.8              -13.9 
    meso-TS_64_2              -21.7               -7.3              -14.4 
    meso-TS_61_2              -22.1               -7.1              -15.0 
    meso-TS_58_2              -22.8               -7.2              -15.5 
    meso-TS_55_2              -23.0               -6.9              -16.0 
    meso-TS_52_2              -23.1               -6.5              -16.6 
    meso-TS_49_2              -23.5               -6.4              -17.1 
    meso-TS_46_2              -23.5               -5.8              -17.6 
    meso-TS_43_2              -22.6               -4.4              -18.2 
    meso-TS_40_2              -22.6               -3.9              -18.7 
    meso-TS_37_2              -21.8               -2.6              -19.2 
    meso-TS_34_2              -21.3               -1.8              -19.5 
    meso-TS_31_2              -21.1               -1.1              -20.0 
    meso-TS_28_2              -20.4                0.0              -20.4 
    meso-TS_25_2              -20.2                1.0              -21.2 
    meso-TS_22_2              -18.9                2.7              -21.6 
    meso-TS_19_2              -16.9                5.1              -22.0 
    meso-TS_16_2              -14.9                7.4              -22.3 
    meso-TS_13_2              -13.3                9.3              -22.6 
    meso-TS_10_2              -10.4               12.4              -22.8 
     meso-TS_7_2               -8.4               14.4              -22.9 
     meso-TS_4_2               -5.0               17.8              -22.8 
     meso-TS_1_2               -3.2               19.5              -22.7 
     meso-TS_0_1               -3.4               19.2              -22.7 
     meso-TS_1_1               -3.4               19.2              -22.7 
     meso-TS_4_1               -5.0               17.6              -22.6 
     meso-TS_7_1               -7.1               15.5              -22.6 
    meso-TS_10_1               -9.5               13.1              -22.6 
    meso-TS_13_1              -12.8               10.0              -22.8 
    meso-TS_16_1              -14.9                8.0              -23.0 
    meso-TS_19_1              -16.5                6.7              -23.2 
    meso-TS_22_1              -18.6                5.0              -23.7 
    meso-TS_25_1              -18.8                5.3              -24.1 
    meso-TS_28_1              -18.9                5.4              -24.2 
    meso-TS_30_1              -18.5                5.7              -24.2 
p[GPa]=    6.3 
        Structure  DG_tot[kcal/mol]    DG_er[kcal/mol]   DG_cav[kcal/mol] 
             1+1                0.0                0.0                0.0 
    meso-TS_91_2              -23.8              -10.7              -13.1 
    meso-TS_88_2              -24.4              -10.9              -13.5 
    meso-TS_85_2              -24.6              -10.7              -13.9 
    meso-TS_82_2              -24.4              -10.1              -14.3 
    meso-TS_79_2              -24.7              -10.0              -14.8 
    meso-TS_76_2              -25.1               -9.9              -15.2 
    meso-TS_73_2              -26.4              -10.7              -15.7 
    meso-TS_70_2              -25.1              -10.0              -15.1 
    meso-TS_67_2              -26.0               -9.2              -16.8 
    meso-TS_64_2              -27.0               -9.5              -17.4 
    meso-TS_61_2              -27.7               -9.5              -18.2 
    meso-TS_58_2              -27.6               -8.8              -18.8 
    meso-TS_55_2              -27.6               -8.2              -19.4 
    meso-TS_52_2              -28.5               -8.4              -20.1 
    meso-TS_49_2              -28.9               -8.2              -20.7 
    meso-TS_46_2              -29.0               -7.6              -21.4 
    meso-TS_43_2              -28.6               -6.5              -22.1 
    meso-TS_40_2              -27.8               -5.1              -22.7 
    meso-TS_37_2              -28.2               -4.8              -23.4 
    meso-TS_34_2              -27.2               -3.5              -23.7 
    meso-TS_31_2              -27.1               -2.8              -24.3 
    meso-TS_28_2              -25.9               -1.0              -24.9 
    meso-TS_25_2              -26.0               -0.2              -25.8 
    meso-TS_22_2              -24.0                2.4              -26.3 
    meso-TS_19_2              -22.3                4.5              -26.8 
    meso-TS_16_2              -21.8                5.4              -27.2 
    meso-TS_13_2              -20.1                7.5              -27.6 
    meso-TS_10_2              -16.8               11.0              -27.8 
     meso-TS_7_2              -14.8               13.2              -27.9 
     meso-TS_4_2              -12.2               15.7              -27.8 
     meso-TS_1_2              -10.3               17.4              -27.7 
     meso-TS_0_1              -10.2               17.4              -27.7 
     meso-TS_1_1              -10.2               17.5              -27.7 
     meso-TS_4_1              -12.2               15.4              -27.6 
     meso-TS_7_1              -12.8               14.8              -27.6 
    meso-TS_10_1              -15.1               12.5              -27.7 
    meso-TS_13_1              -19.5                8.3              -27.8 
    meso-TS_16_1              -22.0                6.1              -28.1 
    meso-TS_19_1              -23.1                5.3              -28.4 
    meso-TS_22_1              -25.4                3.5              -29.0 
    meso-TS_25_1              -25.5                4.0              -29.5 
    meso-TS_28_1              -24.9                4.8              -29.7 
    meso-TS_30_1              -25.9                3.7              -29.6 


----------------------------------------------------------------

Table III:
Analysis of DG_tot as a function of the pressure, p:
DDG_tot({i},p)=DG_tot({i},p)-DG_tot({i},p=0GPa, 
DDG_er and DDG_cav are the electronic and cavitation contributions, respectively.

p[GPa]=    0.8 
        Structure DDG_tot[kcal/mol]   DDG_er[kcal/mol]  DDG_cav[kcal/mol] 
    meso-TS_91_2               -1.8               -1.3               -0.5 
    meso-TS_88_2               -2.0               -1.5               -0.5 
    meso-TS_85_2               -2.1               -1.6               -0.6 
    meso-TS_82_2               -1.7               -1.1               -0.6 
    meso-TS_79_2               -2.1               -1.4               -0.6 
    meso-TS_76_2               -2.1               -1.4               -0.7 
    meso-TS_73_2               -2.1               -1.4               -0.7 
    meso-TS_70_2               -2.1               -1.3               -0.8 
    meso-TS_67_2               -2.2               -1.4               -0.8 
    meso-TS_64_2               -2.4               -1.5               -0.9 
    meso-TS_61_2               -2.0               -1.1               -0.9 
    meso-TS_58_2               -2.3               -1.4               -1.0 
    meso-TS_55_2               -2.4               -1.4               -1.0 
    meso-TS_52_2               -2.5               -1.5               -1.1 
    meso-TS_49_2               -2.6               -1.4               -1.1 
    meso-TS_46_2               -2.5               -1.3               -1.2 
    meso-TS_43_2               -2.5               -1.3               -1.2 
    meso-TS_40_2               -2.4               -1.1               -1.3 
    meso-TS_37_2               -2.7               -1.3               -1.4 
    meso-TS_34_2               -2.7               -1.2               -1.4 
    meso-TS_31_2               -2.3               -0.8               -1.5 
    meso-TS_28_2               -2.5               -0.9               -1.5 
    meso-TS_25_2               -2.7               -1.0               -1.6 
    meso-TS_22_2               -2.9               -1.2               -1.7 
    meso-TS_19_2               -3.0               -1.3               -1.7 
    meso-TS_16_2               -3.1               -1.3               -1.8 
    meso-TS_13_2               -3.0               -1.2               -1.8 
    meso-TS_10_2               -3.3               -1.5               -1.8 
     meso-TS_7_2               -3.4               -1.5               -1.9 
     meso-TS_4_2               -3.2               -1.3               -1.9 
     meso-TS_1_2               -3.0               -1.1               -1.9 
     meso-TS_0_1               -2.9               -1.0               -1.9 
     meso-TS_1_1               -3.3               -1.4               -1.9 
     meso-TS_4_1               -3.1               -1.2               -1.9 
     meso-TS_7_1               -3.3               -1.5               -1.9 
    meso-TS_10_1               -3.3               -1.4               -1.9 
    meso-TS_13_1               -3.2               -1.2               -1.9 
    meso-TS_16_1               -3.5               -1.6               -2.0 
    meso-TS_19_1               -3.2               -1.2               -2.0 
    meso-TS_22_1               -3.6               -1.6               -2.1 
    meso-TS_25_1               -3.2               -1.1               -2.1 
    meso-TS_28_1               -3.7               -1.5               -2.1 
    meso-TS_30_1               -3.6               -1.5               -2.1 
p[GPa]=    1.2 
        Structure DDG_tot[kcal/mol]   DDG_er[kcal/mol]  DDG_cav[kcal/mol] 
    meso-TS_91_2               -3.2               -1.9               -1.3 
    meso-TS_88_2               -3.3               -2.0               -1.3 
    meso-TS_85_2               -3.2               -1.8               -1.4 
    meso-TS_82_2               -3.1               -1.7               -1.5 
    meso-TS_79_2               -3.3               -1.8               -1.5 
    meso-TS_76_2               -3.7               -2.1               -1.6 
    meso-TS_73_2               -3.6               -1.9               -1.6 
    meso-TS_70_2               -3.5               -1.9               -1.7 
    meso-TS_67_2               -3.7               -1.9               -1.8 
    meso-TS_64_2               -3.5               -1.6               -1.9 
    meso-TS_61_2               -3.8               -1.8               -2.0 
    meso-TS_58_2               -3.9               -1.8               -2.1 
    meso-TS_55_2               -4.1               -1.9               -2.1 
    meso-TS_52_2               -3.9               -1.6               -2.2 
    meso-TS_49_2               -3.8               -1.5               -2.3 
    meso-TS_46_2               -4.1               -1.7               -2.4 
    meso-TS_43_2               -4.4               -1.9               -2.5 
    meso-TS_40_2               -4.4               -1.7               -2.6 
    meso-TS_37_2               -4.5               -1.8               -2.7 
    meso-TS_34_2               -4.7               -1.9               -2.8 
    meso-TS_31_2               -4.6               -1.7               -2.9 
    meso-TS_28_2               -4.9               -1.9               -3.0 
    meso-TS_25_2               -5.3               -2.2               -3.1 
    meso-TS_22_2               -4.9               -1.6               -3.2 
    meso-TS_19_2               -5.0               -1.7               -3.3 
    meso-TS_16_2               -5.2               -1.9               -3.4 
    meso-TS_13_2               -5.5               -2.0               -3.4 
    meso-TS_10_2               -5.0               -1.5               -3.5 
     meso-TS_7_2               -5.2               -1.7               -3.5 
     meso-TS_4_2               -5.4               -1.9               -3.5 
     meso-TS_1_2               -5.6               -2.1               -3.5 
     meso-TS_0_1               -5.4               -1.9               -3.5 
     meso-TS_1_1               -5.4               -1.9               -3.5 
     meso-TS_4_1               -5.6               -2.1               -3.5 
     meso-TS_7_1               -5.6               -2.1               -3.5 
    meso-TS_10_1               -5.4               -1.9               -3.5 
    meso-TS_13_1               -5.6               -2.0               -3.6 
    meso-TS_16_1               -5.4               -1.8               -3.6 
    meso-TS_19_1               -5.4               -1.7               -3.7 
    meso-TS_22_1               -5.3               -1.5               -3.8 
    meso-TS_25_1               -6.0               -2.2               -3.8 
    meso-TS_28_1               -5.9               -2.0               -3.9 
    meso-TS_30_1               -5.7               -1.8               -3.8 
p[GPa]=    1.8 
        Structure DDG_tot[kcal/mol]   DDG_er[kcal/mol]  DDG_cav[kcal/mol] 
    meso-TS_91_2               -4.8               -2.5               -2.3 
    meso-TS_88_2               -4.9               -2.5               -2.4 
    meso-TS_85_2               -5.4               -2.9               -2.5 
    meso-TS_82_2               -5.4               -2.8               -2.6 
    meso-TS_79_2               -5.4               -2.7               -2.7 
    meso-TS_76_2               -5.4               -2.6               -2.8 
    meso-TS_73_2               -5.3               -2.4               -2.9 
    meso-TS_70_2               -5.5               -2.6               -2.9 
    meso-TS_67_2               -5.5               -2.4               -3.2 
    meso-TS_64_2               -5.6               -2.3               -3.3 
    meso-TS_61_2               -5.8               -2.4               -3.4 
    meso-TS_58_2               -6.1               -2.5               -3.6 
    meso-TS_55_2               -6.0               -2.2               -3.7 
    meso-TS_52_2               -6.1               -2.2               -3.9 
    meso-TS_49_2               -6.2               -2.2               -4.0 
    meso-TS_46_2               -6.6               -2.4               -4.2 
    meso-TS_43_2               -6.7               -2.4               -4.3 
    meso-TS_40_2               -7.2               -2.7               -4.5 
    meso-TS_37_2               -7.1               -2.5               -4.6 
    meso-TS_34_2               -7.3               -2.6               -4.8 
    meso-TS_31_2               -7.7               -2.8               -4.9 
    meso-TS_28_2               -7.6               -2.6               -5.0 
    meso-TS_25_2               -7.9               -2.7               -5.2 
    meso-TS_22_2               -7.8               -2.5               -5.4 
    meso-TS_19_2               -7.8               -2.3               -5.5 
    meso-TS_16_2               -8.2               -2.6               -5.6 
    meso-TS_13_2               -8.1               -2.4               -5.7 
    meso-TS_10_2               -8.0               -2.2               -5.8 
     meso-TS_7_2               -8.6               -2.8               -5.8 
     meso-TS_4_2               -8.2               -2.4               -5.8 
     meso-TS_1_2               -8.6               -2.8               -5.8 
     meso-TS_0_1               -8.7               -3.0               -5.8 
     meso-TS_1_1               -8.7               -3.0               -5.8 
     meso-TS_4_1               -8.4               -2.6               -5.8 
     meso-TS_7_1               -8.0               -2.3               -5.8 
    meso-TS_10_1               -8.2               -2.4               -5.8 
    meso-TS_13_1               -8.3               -2.4               -5.8 
    meso-TS_16_1               -8.4               -2.5               -5.9 
    meso-TS_19_1               -8.9               -2.9               -6.0 
    meso-TS_22_1               -8.5               -2.4               -6.1 
    meso-TS_25_1               -9.0               -2.7               -6.3 
    meso-TS_28_1               -9.0               -2.7               -6.3 
    meso-TS_30_1               -8.8               -2.6               -6.3 
p[GPa]=    2.7 
        Structure DDG_tot[kcal/mol]   DDG_er[kcal/mol]  DDG_cav[kcal/mol] 
    meso-TS_91_2               -7.3               -3.4               -3.9 
    meso-TS_88_2               -7.7               -3.6               -4.1 
    meso-TS_85_2               -7.3               -3.1               -4.2 
    meso-TS_82_2               -6.9               -2.5               -4.4 
    meso-TS_79_2               -7.7               -3.2               -4.5 
    meso-TS_76_2               -8.5               -3.8               -4.7 
    meso-TS_73_2               -8.4               -3.6               -4.9 
    meso-TS_70_2               -7.5               -2.7               -4.7 
    meso-TS_67_2               -8.4               -3.1               -5.2 
    meso-TS_64_2               -9.1               -3.7               -5.4 
    meso-TS_61_2               -8.9               -3.2               -5.7 
    meso-TS_58_2               -9.4               -3.4               -5.9 
    meso-TS_55_2               -9.2               -3.1               -6.1 
    meso-TS_52_2               -9.0               -2.7               -6.4 
    meso-TS_49_2               -8.8               -2.2               -6.6 
    meso-TS_46_2              -10.0               -3.2               -6.9 
    meso-TS_43_2               -9.8               -2.7               -7.1 
    meso-TS_40_2              -10.1               -2.7               -7.3 
    meso-TS_37_2              -11.2               -3.6               -7.6 
    meso-TS_34_2              -11.1               -3.4               -7.7 
    meso-TS_31_2              -11.4               -3.5               -8.0 
    meso-TS_28_2              -11.4               -3.2               -8.2 
    meso-TS_25_2              -12.0               -3.5               -8.5 
    meso-TS_22_2              -11.9               -3.2               -8.7 
    meso-TS_19_2              -12.5               -3.6               -8.9 
    meso-TS_16_2              -12.5               -3.5               -9.1 
    meso-TS_13_2              -12.4               -3.2               -9.2 
    meso-TS_10_2              -12.8               -3.5               -9.3 
     meso-TS_7_2              -12.8               -3.5               -9.4 
     meso-TS_4_2              -12.8               -3.4               -9.3 
     meso-TS_1_2              -12.3               -3.0               -9.3 
     meso-TS_0_1              -11.9               -2.6               -9.3 
     meso-TS_1_1              -11.9               -2.6               -9.3 
     meso-TS_4_1              -12.1               -2.8               -9.3 
     meso-TS_7_1              -12.2               -2.9               -9.3 
    meso-TS_10_1              -12.1               -2.8               -9.3 
    meso-TS_13_1              -12.4               -3.0               -9.4 
    meso-TS_16_1              -13.3               -3.8               -9.5 
    meso-TS_19_1              -13.1               -3.4               -9.7 
    meso-TS_22_1              -13.0               -3.1               -9.9 
    meso-TS_25_1              -13.6               -3.6              -10.1 
    meso-TS_28_1              -13.8               -3.7              -10.1 
    meso-TS_30_1              -13.2               -3.1              -10.1 
p[GPa]=    4.1 
        Structure DDG_tot[kcal/mol]   DDG_er[kcal/mol]  DDG_cav[kcal/mol] 
    meso-TS_91_2              -10.9               -4.6               -6.4 
    meso-TS_88_2              -10.4               -3.9               -6.5 
    meso-TS_85_2              -11.4               -4.7               -6.8 
    meso-TS_82_2              -11.7               -4.7               -7.0 
    meso-TS_79_2              -11.5               -4.2               -7.2 
    meso-TS_76_2              -12.0               -4.5               -7.5 
    meso-TS_73_2              -11.7               -3.9               -7.8 
    meso-TS_70_2              -12.1               -4.5               -7.6 
    meso-TS_67_2              -12.0               -3.6               -8.4 
    meso-TS_64_2              -12.9               -4.2               -8.7 
    meso-TS_61_2              -13.4               -4.3               -9.1 
    meso-TS_58_2              -13.4               -3.9               -9.4 
    meso-TS_55_2              -14.3               -4.6               -9.8 
    meso-TS_52_2              -14.8               -4.7              -10.2 
    meso-TS_49_2              -15.1               -4.6              -10.5 
    meso-TS_46_2              -15.4               -4.5              -10.9 
    meso-TS_43_2              -14.8               -3.5              -11.3 
    meso-TS_40_2              -15.6               -3.9              -11.7 
    meso-TS_37_2              -15.7               -3.7              -12.0 
    meso-TS_34_2              -16.5               -4.3              -12.3 
    meso-TS_31_2              -16.8               -4.1              -12.6 
    meso-TS_28_2              -16.9               -3.9              -13.0 
    meso-TS_25_2              -17.5               -4.1              -13.5 
    meso-TS_22_2              -18.1               -4.3              -13.8 
    meso-TS_19_2              -18.6               -4.6              -14.1 
    meso-TS_16_2              -18.9               -4.6              -14.3 
    meso-TS_13_2              -18.7               -4.1              -14.6 
    meso-TS_10_2              -18.8               -4.0              -14.7 
     meso-TS_7_2              -19.1               -4.3              -14.8 
     meso-TS_4_2              -19.2               -4.4              -14.8 
     meso-TS_1_2              -19.0               -4.3              -14.7 
     meso-TS_0_1              -19.3               -4.7              -14.7 
     meso-TS_1_1              -19.3               -4.7              -14.7 
     meso-TS_4_1              -19.4               -4.8              -14.7 
     meso-TS_7_1              -18.8               -4.2              -14.7 
    meso-TS_10_1              -19.5               -4.7              -14.7 
    meso-TS_13_1              -19.6               -4.8              -14.8 
    meso-TS_16_1              -19.0               -4.0              -15.0 
    meso-TS_19_1              -19.6               -4.4              -15.2 
    meso-TS_22_1              -20.0               -4.5              -15.6 
    meso-TS_25_1              -21.0               -5.1              -15.9 
    meso-TS_28_1              -20.9               -4.9              -16.0 
    meso-TS_30_1              -20.6               -4.7              -15.9 
p[GPa]=    5.0 
        Structure DDG_tot[kcal/mol]   DDG_er[kcal/mol]  DDG_cav[kcal/mol] 
    meso-TS_91_2              -13.7               -5.7               -8.0 
    meso-TS_88_2              -13.2               -4.9               -8.3 
    meso-TS_85_2              -30.6              -22.1               -8.5 
    meso-TS_82_2              -14.0               -5.2               -8.8 
    meso-TS_79_2              -14.7               -5.5               -9.1 
    meso-TS_76_2              -14.6               -5.2               -9.5 
    meso-TS_73_2              -15.5               -5.7               -9.8 
    meso-TS_70_2              -15.2               -5.6               -9.5 
    meso-TS_67_2              -15.8               -5.2              -10.6 
    meso-TS_64_2              -15.9               -4.9              -11.0 
    meso-TS_61_2              -16.5               -5.0              -11.5 
    meso-TS_58_2              -17.3               -5.4              -11.9 
    meso-TS_55_2              -17.8               -5.5              -12.3 
    meso-TS_52_2              -18.2               -5.4              -12.8 
    meso-TS_49_2              -19.1               -5.8              -13.3 
    meso-TS_46_2              -19.5               -5.8              -13.7 
    meso-TS_43_2              -19.2               -5.0              -14.2 
    meso-TS_40_2              -19.9               -5.2              -14.7 
    meso-TS_37_2              -19.8               -4.7              -15.1 
    meso-TS_34_2              -20.3               -4.9              -15.4 
    meso-TS_31_2              -21.2               -5.3              -15.9 
    meso-TS_28_2              -21.6               -5.3              -16.3 
    meso-TS_25_2              -22.7               -5.8              -16.9 
    meso-TS_22_2              -23.0               -5.7              -17.3 
    meso-TS_19_2              -22.7               -5.1              -17.7 
    meso-TS_16_2              -22.9               -4.9              -18.0 
    meso-TS_13_2              -23.5               -5.3              -18.3 
    meso-TS_10_2              -23.2               -4.8              -18.5 
     meso-TS_7_2              -24.1               -5.6              -18.6 
     meso-TS_4_2              -23.8               -5.3              -18.5 
     meso-TS_1_2              -23.8               -5.4              -18.4 
     meso-TS_0_1              -24.1               -5.7              -18.4 
     meso-TS_1_1              -24.1               -5.7              -18.4 
     meso-TS_4_1              -24.4               -6.0              -18.4 
     meso-TS_7_1              -24.2               -5.8              -18.4 
    meso-TS_10_1              -24.1               -5.6              -18.5 
    meso-TS_13_1              -24.7               -6.1              -18.6 
    meso-TS_16_1              -24.7               -5.9              -18.8 
    meso-TS_19_1              -24.7               -5.7              -19.1 
    meso-TS_22_1              -26.1               -6.6              -19.5 
    meso-TS_25_1              -25.9               -6.0              -19.9 
    meso-TS_28_1              -25.9               -5.9              -20.0 
    meso-TS_30_1              -25.6               -5.6              -19.9 
p[GPa]=    6.3 
        Structure DDG_tot[kcal/mol]   DDG_er[kcal/mol]  DDG_cav[kcal/mol] 
    meso-TS_91_2              -17.6               -7.4              -10.3 
    meso-TS_88_2              -18.2               -7.6              -10.6 
    meso-TS_85_2              -18.4               -7.5              -10.9 
    meso-TS_82_2              -18.2               -6.9              -11.3 
    meso-TS_79_2              -18.5               -6.8              -11.7 
    meso-TS_76_2              -19.0               -6.9              -12.1 
    meso-TS_73_2              -20.3               -7.8              -12.5 
    meso-TS_70_2              -19.5               -7.3              -12.2 
    meso-TS_67_2              -20.1               -6.6              -13.5 
    meso-TS_64_2              -21.2               -7.2              -14.0 
    meso-TS_61_2              -22.1               -7.4              -14.6 
    meso-TS_58_2              -22.1               -7.0              -15.2 
    meso-TS_55_2              -22.4               -6.7              -15.7 
    meso-TS_52_2              -23.7               -7.4              -16.3 
    meso-TS_49_2              -24.5               -7.6              -16.9 
    meso-TS_46_2              -25.0               -7.5              -17.5 
    meso-TS_43_2              -25.2               -7.1              -18.1 
    meso-TS_40_2              -25.1               -6.4              -18.7 
    meso-TS_37_2              -26.2               -6.9              -19.3 
    meso-TS_34_2              -26.3               -6.6              -19.6 
    meso-TS_31_2              -27.2               -6.9              -20.2 
    meso-TS_28_2              -27.1               -6.4              -20.7 
    meso-TS_25_2              -28.5               -7.0              -21.5 
    meso-TS_22_2              -28.0               -6.0              -22.0 
    meso-TS_19_2              -28.1               -5.7              -22.5 
    meso-TS_16_2              -29.8               -6.9              -22.9 
    meso-TS_13_2              -30.4               -7.1              -23.2 
    meso-TS_10_2              -29.7               -6.2              -23.5 
     meso-TS_7_2              -30.5               -6.9              -23.6 
     meso-TS_4_2              -31.0               -7.4              -23.5 
     meso-TS_1_2              -30.9               -7.5              -23.5 
     meso-TS_0_1              -30.9               -7.5              -23.4 
     meso-TS_1_1              -30.9               -7.4              -23.4 
     meso-TS_4_1              -31.7               -8.3              -23.4 
     meso-TS_7_1              -30.0               -6.6              -23.4 
    meso-TS_10_1              -29.7               -6.2              -23.5 
    meso-TS_13_1              -31.4               -7.8              -23.7 
    meso-TS_16_1              -31.8               -7.8              -23.9 
    meso-TS_19_1              -31.4               -7.1              -24.3 
    meso-TS_22_1              -32.9               -8.1              -24.8 
    meso-TS_25_1              -32.6               -7.4              -25.3 
    meso-TS_28_1              -31.9               -6.5              -25.4 
    meso-TS_30_1              -32.9               -7.6              -25.3 


----------------------------------------------------------------

Table IV:
Reaction volume profile DV({i}) (cm^3/mol)
        Structure  DV_tot[cm^3/mol]  
             1+1                0.0  
    meso-TS_91_2              -11.7 
    meso-TS_88_2              -11.6 
    meso-TS_85_2              -16.7 
    meso-TS_82_2              -12.1 
    meso-TS_79_2              -12.3 
    meso-TS_76_2              -12.4 
    meso-TS_73_2              -13.3 
    meso-TS_70_2              -12.9 
    meso-TS_67_2              -13.2 
    meso-TS_64_2              -13.9 
    meso-TS_61_2              -14.5 
    meso-TS_58_2              -14.6 
    meso-TS_55_2              -15.0 
    meso-TS_52_2              -15.8 
    meso-TS_49_2              -16.4 
    meso-TS_46_2              -16.7 
    meso-TS_43_2              -16.5 
    meso-TS_40_2              -16.8 
    meso-TS_37_2              -17.2 
    meso-TS_34_2              -17.4 
    meso-TS_31_2              -18.1 
    meso-TS_28_2              -18.2 
    meso-TS_25_2              -19.0 
    meso-TS_22_2              -19.0 
    meso-TS_19_2              -19.0 
    meso-TS_16_2              -19.7 
    meso-TS_13_2              -20.1 
    meso-TS_10_2              -19.8 
     meso-TS_7_2              -20.3 
     meso-TS_4_2              -20.5 
     meso-TS_1_2              -20.4 
     meso-TS_0_1              -20.6 
     meso-TS_1_1              -20.5 
     meso-TS_4_1              -21.0 
     meso-TS_7_1              -20.1 
    meso-TS_10_1              -20.0 
    meso-TS_13_1              -21.0 
    meso-TS_16_1              -21.0 
    meso-TS_19_1              -20.9 
    meso-TS_22_1              -22.0 
    meso-TS_25_1              -21.9 
    meso-TS_28_1              -21.5 
    meso-TS_30_1              -21.8 

----------------------------------------------------------------
Tue Aug  4 21:49:52 2020

